{"C:\\Users\\Hacks\\OneDrive\\Documents\\GitHub\\WebAlea\\webAleaFront\\src\\api\\inspectorAPI.js": {"path":"C:\\Users\\Hacks\\OneDrive\\Documents\\GitHub\\WebAlea\\webAleaFront\\src\\api\\inspectorAPI.js","statementMap":{"0":{"start":{"line":14,"column":4},"end":{"line":14,"column":60}},"1":{"start":{"line":23,"column":4},"end":{"line":23,"column":57}},"2":{"start":{"line":32,"column":4},"end":{"line":32,"column":75}}},"fnMap":{"0":{"name":"fetchInstalledOpenAleaPackages","decl":{"start":{"line":13,"column":22},"end":{"line":13,"column":52}},"loc":{"start":{"line":13,"column":55},"end":{"line":15,"column":1}},"line":13},"1":{"name":"fetchWraleaPackages","decl":{"start":{"line":22,"column":22},"end":{"line":22,"column":41}},"loc":{"start":{"line":22,"column":44},"end":{"line":24,"column":1}},"line":22},"2":{"name":"fetchPackageNodes","decl":{"start":{"line":31,"column":22},"end":{"line":31,"column":39}},"loc":{"start":{"line":31,"column":53},"end":{"line":33,"column":1}},"line":31}},"branchMap":{},"s":{"0":1,"1":1,"2":1},"f":{"0":1,"1":1,"2":1},"b":{},"_coverageSchema":"1a1c01bbd47fc00a2c39e90264f33305004495a9","hash":"a891e4943c29f93d156e77fc1a23504100b60785"}
,"C:\\Users\\Hacks\\OneDrive\\Documents\\GitHub\\WebAlea\\webAleaFront\\src\\api\\managerAPI.js": {"path":"C:\\Users\\Hacks\\OneDrive\\Documents\\GitHub\\WebAlea\\webAleaFront\\src\\api\\managerAPI.js","statementMap":{"0":{"start":{"line":13,"column":4},"end":{"line":13,"column":49}},"1":{"start":{"line":21,"column":4},"end":{"line":21,"column":55}},"2":{"start":{"line":35,"column":4},"end":{"line":35,"column":70}},"3":{"start":{"line":36,"column":4},"end":{"line":39,"column":7}}},"fnMap":{"0":{"name":"fetchPackageList","decl":{"start":{"line":12,"column":22},"end":{"line":12,"column":38}},"loc":{"start":{"line":12,"column":41},"end":{"line":14,"column":1}},"line":12},"1":{"name":"fetchLatestPackageVersions","decl":{"start":{"line":20,"column":22},"end":{"line":20,"column":48}},"loc":{"start":{"line":20,"column":51},"end":{"line":22,"column":1}},"line":20},"2":{"name":"installPackages","decl":{"start":{"line":34,"column":22},"end":{"line":34,"column":37}},"loc":{"start":{"line":34,"column":64},"end":{"line":40,"column":1}},"line":34}},"branchMap":{"0":{"loc":{"start":{"line":34,"column":48},"end":{"line":34,"column":62}},"type":"default-arg","locations":[{"start":{"line":34,"column":58},"end":{"line":34,"column":62}}],"line":34}},"s":{"0":1,"1":1,"2":1,"3":1},"f":{"0":1,"1":1,"2":1},"b":{"0":[0]},"_coverageSchema":"1a1c01bbd47fc00a2c39e90264f33305004495a9","hash":"729ef7108cf10e1120a63d092275aab5fccc9100"}
,"C:\\Users\\Hacks\\OneDrive\\Documents\\GitHub\\WebAlea\\webAleaFront\\src\\api\\runnerAPI.js": {"path":"C:\\Users\\Hacks\\OneDrive\\Documents\\GitHub\\WebAlea\\webAleaFront\\src\\api\\runnerAPI.js","statementMap":{"0":{"start":{"line":18,"column":54},"end":{"line":18,"column":62}},"1":{"start":{"line":20,"column":4},"end":{"line":30,"column":7}},"2":{"start":{"line":24,"column":37},"end":{"line":29,"column":9}}},"fnMap":{"0":{"name":"executeNode","decl":{"start":{"line":17,"column":22},"end":{"line":17,"column":33}},"loc":{"start":{"line":17,"column":44},"end":{"line":31,"column":1}},"line":17},"1":{"name":"(anonymous_1)","decl":{"start":{"line":24,"column":27},"end":{"line":24,"column":28}},"loc":{"start":{"line":24,"column":37},"end":{"line":29,"column":9}},"line":24}},"branchMap":{},"s":{"0":1,"1":1,"2":2},"f":{"0":1,"1":2},"b":{},"_coverageSchema":"1a1c01bbd47fc00a2c39e90264f33305004495a9","hash":"6197569bf2df1744c86042e2d6eb231ea8eec9a6"}
,"C:\\Users\\Hacks\\OneDrive\\Documents\\GitHub\\WebAlea\\webAleaFront\\src\\api\\utils.js": {"path":"C:\\Users\\Hacks\\OneDrive\\Documents\\GitHub\\WebAlea\\webAleaFront\\src\\api\\utils.js","statementMap":{"0":{"start":{"line":7,"column":4},"end":{"line":23,"column":5}},"1":{"start":{"line":8,"column":20},"end":{"line":12,"column":10}},"2":{"start":{"line":14,"column":8},"end":{"line":16,"column":9}},"3":{"start":{"line":15,"column":12},"end":{"line":15,"column":63}},"4":{"start":{"line":18,"column":8},"end":{"line":18,"column":32}},"5":{"start":{"line":21,"column":8},"end":{"line":21,"column":48}},"6":{"start":{"line":22,"column":8},"end":{"line":22,"column":18}}},"fnMap":{"0":{"name":"fetchJSON","decl":{"start":{"line":6,"column":22},"end":{"line":6,"column":31}},"loc":{"start":{"line":6,"column":66},"end":{"line":24,"column":1}},"line":6}},"branchMap":{"0":{"loc":{"start":{"line":6,"column":37},"end":{"line":6,"column":51}},"type":"default-arg","locations":[{"start":{"line":6,"column":46},"end":{"line":6,"column":51}}],"line":6},"1":{"loc":{"start":{"line":6,"column":53},"end":{"line":6,"column":64}},"type":"default-arg","locations":[{"start":{"line":6,"column":60},"end":{"line":6,"column":64}}],"line":6},"2":{"loc":{"start":{"line":11,"column":18},"end":{"line":11,"column":52}},"type":"cond-expr","locations":[{"start":{"line":11,"column":25},"end":{"line":11,"column":45}},{"start":{"line":11,"column":48},"end":{"line":11,"column":52}}],"line":11},"3":{"loc":{"start":{"line":14,"column":8},"end":{"line":16,"column":9}},"type":"if","locations":[{"start":{"line":14,"column":8},"end":{"line":16,"column":9}},{"start":{},"end":{}}],"line":14}},"s":{"0":7,"1":7,"2":7,"3":0,"4":7,"5":0,"6":0},"f":{"0":7},"b":{"0":[5],"1":[5],"2":[2,5],"3":[0,7]},"_coverageSchema":"1a1c01bbd47fc00a2c39e90264f33305004495a9","hash":"f76f8d90e35f5e2638d143d1476026f355ac8364"}
,"C:\\Users\\Hacks\\OneDrive\\Documents\\GitHub\\WebAlea\\webAleaFront\\src\\features\\logger\\providers\\LogContext.jsx": {"path":"C:\\Users\\Hacks\\OneDrive\\Documents\\GitHub\\WebAlea\\webAleaFront\\src\\features\\logger\\providers\\LogContext.jsx","statementMap":{"0":{"start":{"line":14,"column":28},"end":{"line":14,"column":40}},"1":{"start":{"line":21,"column":19},"end":{"line":24,"column":10}},"2":{"start":{"line":22,"column":26},"end":{"line":22,"column":57}},"3":{"start":{"line":23,"column":8},"end":{"line":23,"column":65}},"4":{"start":{"line":23,"column":24},"end":{"line":23,"column":63}},"5":{"start":{"line":26,"column":4},"end":{"line":30,"column":6}}},"fnMap":{"0":{"name":"LogProvider","decl":{"start":{"line":9,"column":24},"end":{"line":9,"column":35}},"loc":{"start":{"line":9,"column":50},"end":{"line":31,"column":1}},"line":9},"1":{"name":"(anonymous_1)","decl":{"start":{"line":21,"column":31},"end":{"line":21,"column":32}},"loc":{"start":{"line":21,"column":50},"end":{"line":24,"column":5}},"line":21},"2":{"name":"(anonymous_2)","decl":{"start":{"line":23,"column":16},"end":{"line":23,"column":17}},"loc":{"start":{"line":23,"column":24},"end":{"line":23,"column":63}},"line":23}},"branchMap":{},"s":{"0":14,"1":14,"2":6,"3":6,"4":6,"5":14},"f":{"0":14,"1":6,"2":6},"b":{},"_coverageSchema":"1a1c01bbd47fc00a2c39e90264f33305004495a9","hash":"5d2a8ae8d7910825ebbca42b2adcaa6186e56cff"}
,"C:\\Users\\Hacks\\OneDrive\\Documents\\GitHub\\WebAlea\\webAleaFront\\src\\features\\logger\\providers\\LogContextDefinition.jsx": {"path":"C:\\Users\\Hacks\\OneDrive\\Documents\\GitHub\\WebAlea\\webAleaFront\\src\\features\\logger\\providers\\LogContextDefinition.jsx","statementMap":{"0":{"start":{"line":7,"column":26},"end":{"line":7,"column":41}},"1":{"start":{"line":14,"column":20},"end":{"line":14,"column":42}},"2":{"start":{"line":15,"column":4},"end":{"line":17,"column":5}},"3":{"start":{"line":16,"column":8},"end":{"line":16,"column":68}},"4":{"start":{"line":18,"column":4},"end":{"line":18,"column":19}}},"fnMap":{"0":{"name":"useLog","decl":{"start":{"line":13,"column":16},"end":{"line":13,"column":22}},"loc":{"start":{"line":13,"column":25},"end":{"line":19,"column":1}},"line":13}},"branchMap":{"0":{"loc":{"start":{"line":15,"column":4},"end":{"line":17,"column":5}},"type":"if","locations":[{"start":{"line":15,"column":4},"end":{"line":17,"column":5}},{"start":{},"end":{}}],"line":15}},"s":{"0":4,"1":16,"2":16,"3":2,"4":14},"f":{"0":16},"b":{"0":[2,14]},"_coverageSchema":"1a1c01bbd47fc00a2c39e90264f33305004495a9","hash":"44c63e7cea5a17b930e1b4a14068a341f5c04ce6"}
,"C:\\Users\\Hacks\\OneDrive\\Documents\\GitHub\\WebAlea\\webAleaFront\\src\\features\\logger\\ui\\ConsoleLog.jsx": {"path":"C:\\Users\\Hacks\\OneDrive\\Documents\\GitHub\\WebAlea\\webAleaFront\\src\\features\\logger\\ui\\ConsoleLog.jsx","statementMap":{"0":{"start":{"line":11,"column":17},"end":{"line":11,"column":25}},"1":{"start":{"line":12,"column":21},"end":{"line":12,"column":33}},"2":{"start":{"line":14,"column":0},"end":{"line":18,"column":11}},"3":{"start":{"line":15,"column":4},"end":{"line":17,"column":5}},"4":{"start":{"line":16,"column":4},"end":{"line":16,"column":71}},"5":{"start":{"line":20,"column":0},"end":{"line":31,"column":2}},"6":{"start":{"line":27,"column":8},"end":{"line":27,"column":65}}},"fnMap":{"0":{"name":"ConsoleLog","decl":{"start":{"line":9,"column":24},"end":{"line":9,"column":34}},"loc":{"start":{"line":9,"column":37},"end":{"line":32,"column":1}},"line":9},"1":{"name":"(anonymous_1)","decl":{"start":{"line":14,"column":10},"end":{"line":14,"column":11}},"loc":{"start":{"line":14,"column":16},"end":{"line":18,"column":1}},"line":14},"2":{"name":"(anonymous_2)","decl":{"start":{"line":26,"column":18},"end":{"line":26,"column":19}},"loc":{"start":{"line":27,"column":8},"end":{"line":27,"column":65}},"line":27}},"branchMap":{"0":{"loc":{"start":{"line":15,"column":4},"end":{"line":17,"column":5}},"type":"if","locations":[{"start":{"line":15,"column":4},"end":{"line":17,"column":5}},{"start":{},"end":{}}],"line":15}},"s":{"0":4,"1":4,"2":4,"3":4,"4":4,"5":4,"6":4},"f":{"0":4,"1":4,"2":4},"b":{"0":[4,0]},"_coverageSchema":"1a1c01bbd47fc00a2c39e90264f33305004495a9","hash":"43155c54de90144887f2113800328e3feec422be"}
,"C:\\Users\\Hacks\\OneDrive\\Documents\\GitHub\\WebAlea\\webAleaFront\\src\\features\\logger\\ui\\LogLine.jsx": {"path":"C:\\Users\\Hacks\\OneDrive\\Documents\\GitHub\\WebAlea\\webAleaFront\\src\\features\\logger\\ui\\LogLine.jsx","statementMap":{"0":{"start":{"line":8,"column":4},"end":{"line":18,"column":13}}},"fnMap":{"0":{"name":"LogLine","decl":{"start":{"line":7,"column":24},"end":{"line":7,"column":31}},"loc":{"start":{"line":7,"column":51},"end":{"line":19,"column":1}},"line":7}},"branchMap":{"0":{"loc":{"start":{"line":12,"column":16},"end":{"line":14,"column":23}},"type":"cond-expr","locations":[{"start":{"line":13,"column":18},"end":{"line":13,"column":48}},{"start":{"line":14,"column":18},"end":{"line":14,"column":23}}],"line":12}},"s":{"0":10},"f":{"0":10},"b":{"0":[2,8]},"_coverageSchema":"1a1c01bbd47fc00a2c39e90264f33305004495a9","hash":"0f62faeb2ef3ab1350c34d6529b95ea5dd761603"}
,"C:\\Users\\Hacks\\OneDrive\\Documents\\GitHub\\WebAlea\\webAleaFront\\src\\features\\nodes\\model\\NodeInputBool.jsx": {"path":"C:\\Users\\Hacks\\OneDrive\\Documents\\GitHub\\WebAlea\\webAleaFront\\src\\features\\nodes\\model\\NodeInputBool.jsx","statementMap":{"0":{"start":{"line":15,"column":46},"end":{"line":15,"column":61}},"1":{"start":{"line":20,"column":4},"end":{"line":22,"column":16}},"2":{"start":{"line":21,"column":8},"end":{"line":21,"column":32}},"3":{"start":{"line":24,"column":25},"end":{"line":30,"column":5}},"4":{"start":{"line":25,"column":25},"end":{"line":25,"column":41}},"5":{"start":{"line":26,"column":8},"end":{"line":26,"column":35}},"6":{"start":{"line":27,"column":8},"end":{"line":29,"column":9}},"7":{"start":{"line":28,"column":12},"end":{"line":28,"column":31}},"8":{"start":{"line":32,"column":4},"end":{"line":45,"column":6}}},"fnMap":{"0":{"name":"NodeInputBoolean","decl":{"start":{"line":10,"column":24},"end":{"line":10,"column":40}},"loc":{"start":{"line":10,"column":81},"end":{"line":46,"column":1}},"line":10},"1":{"name":"(anonymous_1)","decl":{"start":{"line":20,"column":14},"end":{"line":20,"column":15}},"loc":{"start":{"line":20,"column":20},"end":{"line":22,"column":5}},"line":20},"2":{"name":"(anonymous_2)","decl":{"start":{"line":24,"column":25},"end":{"line":24,"column":26}},"loc":{"start":{"line":24,"column":32},"end":{"line":30,"column":5}},"line":24}},"branchMap":{"0":{"loc":{"start":{"line":10,"column":54},"end":{"line":10,"column":67}},"type":"default-arg","locations":[{"start":{"line":10,"column":62},"end":{"line":10,"column":67}}],"line":10},"1":{"loc":{"start":{"line":27,"column":8},"end":{"line":29,"column":9}},"type":"if","locations":[{"start":{"line":27,"column":8},"end":{"line":29,"column":9}},{"start":{},"end":{}}],"line":27}},"s":{"0":16,"1":16,"2":9,"3":16,"4":3,"5":3,"6":3,"7":3,"8":16},"f":{"0":16,"1":9,"2":3},"b":{"0":[2],"1":[3,0]},"_coverageSchema":"1a1c01bbd47fc00a2c39e90264f33305004495a9","hash":"c6b3225adea3d5d4ffdddd768e02ecea7eb6ba21"}
,"C:\\Users\\Hacks\\OneDrive\\Documents\\GitHub\\WebAlea\\webAleaFront\\src\\features\\nodes\\model\\NodeInputEnum.jsx": {"path":"C:\\Users\\Hacks\\OneDrive\\Documents\\GitHub\\WebAlea\\webAleaFront\\src\\features\\nodes\\model\\NodeInputEnum.jsx","statementMap":{"0":{"start":{"line":16,"column":46},"end":{"line":16,"column":61}},"1":{"start":{"line":19,"column":4},"end":{"line":21,"column":16}},"2":{"start":{"line":20,"column":8},"end":{"line":20,"column":32}},"3":{"start":{"line":23,"column":25},"end":{"line":29,"column":5}},"4":{"start":{"line":24,"column":25},"end":{"line":24,"column":39}},"5":{"start":{"line":25,"column":8},"end":{"line":25,"column":35}},"6":{"start":{"line":26,"column":8},"end":{"line":28,"column":9}},"7":{"start":{"line":27,"column":12},"end":{"line":27,"column":31}},"8":{"start":{"line":31,"column":4},"end":{"line":49,"column":6}},"9":{"start":{"line":43,"column":20},"end":{"line":45,"column":29}}},"fnMap":{"0":{"name":"NodeInputEnum","decl":{"start":{"line":11,"column":24},"end":{"line":11,"column":37}},"loc":{"start":{"line":11,"column":89},"end":{"line":50,"column":1}},"line":11},"1":{"name":"(anonymous_1)","decl":{"start":{"line":19,"column":14},"end":{"line":19,"column":15}},"loc":{"start":{"line":19,"column":20},"end":{"line":21,"column":5}},"line":19},"2":{"name":"(anonymous_2)","decl":{"start":{"line":23,"column":25},"end":{"line":23,"column":26}},"loc":{"start":{"line":23,"column":32},"end":{"line":29,"column":5}},"line":23},"3":{"name":"(anonymous_3)","decl":{"start":{"line":42,"column":29},"end":{"line":42,"column":30}},"loc":{"start":{"line":43,"column":20},"end":{"line":45,"column":29}},"line":43}},"branchMap":{"0":{"loc":{"start":{"line":11,"column":51},"end":{"line":11,"column":61}},"type":"default-arg","locations":[{"start":{"line":11,"column":59},"end":{"line":11,"column":61}}],"line":11},"1":{"loc":{"start":{"line":11,"column":63},"end":{"line":11,"column":75}},"type":"default-arg","locations":[{"start":{"line":11,"column":73},"end":{"line":11,"column":75}}],"line":11},"2":{"loc":{"start":{"line":26,"column":8},"end":{"line":28,"column":9}},"type":"if","locations":[{"start":{"line":26,"column":8},"end":{"line":28,"column":9}},{"start":{},"end":{}}],"line":26},"3":{"loc":{"start":{"line":39,"column":17},"end":{"line":41,"column":17}},"type":"binary-expr","locations":[{"start":{"line":39,"column":17},"end":{"line":39,"column":37}},{"start":{"line":40,"column":20},"end":{"line":40,"column":62}}],"line":39}},"s":{"0":18,"1":18,"2":11,"3":18,"4":3,"5":3,"6":3,"7":3,"8":18,"9":33},"f":{"0":18,"1":11,"2":3,"3":33},"b":{"0":[3],"1":[0],"2":[3,0],"3":[18,2]},"_coverageSchema":"1a1c01bbd47fc00a2c39e90264f33305004495a9","hash":"1d6decce5708667d2d8f13afc689585fbb0d9126"}
,"C:\\Users\\Hacks\\OneDrive\\Documents\\GitHub\\WebAlea\\webAleaFront\\src\\features\\nodes\\model\\NodeInputFloat.jsx": {"path":"C:\\Users\\Hacks\\OneDrive\\Documents\\GitHub\\WebAlea\\webAleaFront\\src\\features\\nodes\\model\\NodeInputFloat.jsx","statementMap":{"0":{"start":{"line":15,"column":46},"end":{"line":15,"column":61}},"1":{"start":{"line":20,"column":4},"end":{"line":22,"column":16}},"2":{"start":{"line":21,"column":8},"end":{"line":21,"column":32}},"3":{"start":{"line":24,"column":25},"end":{"line":30,"column":5}},"4":{"start":{"line":25,"column":25},"end":{"line":25,"column":39}},"5":{"start":{"line":26,"column":8},"end":{"line":26,"column":35}},"6":{"start":{"line":27,"column":8},"end":{"line":29,"column":9}},"7":{"start":{"line":28,"column":12},"end":{"line":28,"column":48}},"8":{"start":{"line":32,"column":4},"end":{"line":44,"column":6}}},"fnMap":{"0":{"name":"NodeInputFloat","decl":{"start":{"line":10,"column":24},"end":{"line":10,"column":38}},"loc":{"start":{"line":10,"column":75},"end":{"line":45,"column":1}},"line":10},"1":{"name":"(anonymous_1)","decl":{"start":{"line":20,"column":14},"end":{"line":20,"column":15}},"loc":{"start":{"line":20,"column":20},"end":{"line":22,"column":5}},"line":20},"2":{"name":"(anonymous_2)","decl":{"start":{"line":24,"column":25},"end":{"line":24,"column":26}},"loc":{"start":{"line":24,"column":32},"end":{"line":30,"column":5}},"line":24}},"branchMap":{"0":{"loc":{"start":{"line":10,"column":52},"end":{"line":10,"column":61}},"type":"default-arg","locations":[{"start":{"line":10,"column":60},"end":{"line":10,"column":61}}],"line":10},"1":{"loc":{"start":{"line":27,"column":8},"end":{"line":29,"column":9}},"type":"if","locations":[{"start":{"line":27,"column":8},"end":{"line":29,"column":9}},{"start":{},"end":{}}],"line":27},"2":{"loc":{"start":{"line":28,"column":21},"end":{"line":28,"column":46}},"type":"binary-expr","locations":[{"start":{"line":28,"column":21},"end":{"line":28,"column":41}},{"start":{"line":28,"column":45},"end":{"line":28,"column":46}}],"line":28}},"s":{"0":22,"1":22,"2":9,"3":22,"4":9,"5":9,"6":9,"7":9,"8":22},"f":{"0":22,"1":9,"2":9},"b":{"0":[2],"1":[9,0],"2":[9,3]},"_coverageSchema":"1a1c01bbd47fc00a2c39e90264f33305004495a9","hash":"e2df436fcd683f46757d176a493161c42aa3cccf"}
,"C:\\Users\\Hacks\\OneDrive\\Documents\\GitHub\\WebAlea\\webAleaFront\\src\\features\\nodes\\model\\NodeInputStr.jsx": {"path":"C:\\Users\\Hacks\\OneDrive\\Documents\\GitHub\\WebAlea\\webAleaFront\\src\\features\\nodes\\model\\NodeInputStr.jsx","statementMap":{"0":{"start":{"line":15,"column":46},"end":{"line":15,"column":61}},"1":{"start":{"line":20,"column":4},"end":{"line":22,"column":16}},"2":{"start":{"line":21,"column":8},"end":{"line":21,"column":32}},"3":{"start":{"line":24,"column":25},"end":{"line":30,"column":5}},"4":{"start":{"line":25,"column":25},"end":{"line":25,"column":39}},"5":{"start":{"line":26,"column":8},"end":{"line":26,"column":35}},"6":{"start":{"line":27,"column":8},"end":{"line":29,"column":9}},"7":{"start":{"line":28,"column":12},"end":{"line":28,"column":31}},"8":{"start":{"line":32,"column":4},"end":{"line":43,"column":6}}},"fnMap":{"0":{"name":"NodeInputString","decl":{"start":{"line":10,"column":24},"end":{"line":10,"column":39}},"loc":{"start":{"line":10,"column":77},"end":{"line":44,"column":1}},"line":10},"1":{"name":"(anonymous_1)","decl":{"start":{"line":20,"column":14},"end":{"line":20,"column":15}},"loc":{"start":{"line":20,"column":20},"end":{"line":22,"column":5}},"line":20},"2":{"name":"(anonymous_2)","decl":{"start":{"line":24,"column":25},"end":{"line":24,"column":26}},"loc":{"start":{"line":24,"column":32},"end":{"line":30,"column":5}},"line":24}},"branchMap":{"0":{"loc":{"start":{"line":10,"column":53},"end":{"line":10,"column":63}},"type":"default-arg","locations":[{"start":{"line":10,"column":61},"end":{"line":10,"column":63}}],"line":10},"1":{"loc":{"start":{"line":27,"column":8},"end":{"line":29,"column":9}},"type":"if","locations":[{"start":{"line":27,"column":8},"end":{"line":29,"column":9}},{"start":{},"end":{}}],"line":27}},"s":{"0":39,"1":39,"2":13,"3":39,"4":21,"5":21,"6":21,"7":21,"8":39},"f":{"0":39,"1":13,"2":21},"b":{"0":[2],"1":[21,0]},"_coverageSchema":"1a1c01bbd47fc00a2c39e90264f33305004495a9","hash":"53185a0be44378c33e2f61cab931cbde0cebcdda"}
,"C:\\Users\\Hacks\\OneDrive\\Documents\\GitHub\\WebAlea\\webAleaFront\\src\\features\\nodes\\ui\\NodeInputs.jsx": {"path":"C:\\Users\\Hacks\\OneDrive\\Documents\\GitHub\\WebAlea\\webAleaFront\\src\\features\\nodes\\ui\\NodeInputs.jsx","statementMap":{"0":{"start":{"line":17,"column":21},"end":{"line":17,"column":31}},"1":{"start":{"line":18,"column":26},"end":{"line":18,"column":51}},"2":{"start":{"line":19,"column":21},"end":{"line":19,"column":39}},"3":{"start":{"line":20,"column":22},"end":{"line":20,"column":50}},"4":{"start":{"line":21,"column":22},"end":{"line":21,"column":47}},"5":{"start":{"line":24,"column":4},"end":{"line":58,"column":5}},"6":{"start":{"line":25,"column":8},"end":{"line":57,"column":9}},"7":{"start":{"line":27,"column":30},"end":{"line":27,"column":69}},"8":{"start":{"line":28,"column":12},"end":{"line":28,"column":53}},"9":{"start":{"line":28,"column":27},"end":{"line":28,"column":53}},"10":{"start":{"line":31,"column":31},"end":{"line":31,"column":71}},"11":{"start":{"line":32,"column":12},"end":{"line":32,"column":60}},"12":{"start":{"line":32,"column":28},"end":{"line":32,"column":60}},"13":{"start":{"line":35,"column":30},"end":{"line":35,"column":79}},"14":{"start":{"line":36,"column":12},"end":{"line":42,"column":13}},"15":{"start":{"line":37,"column":16},"end":{"line":37,"column":45}},"16":{"start":{"line":38,"column":16},"end":{"line":38,"column":36}},"17":{"start":{"line":39,"column":16},"end":{"line":41,"column":58}},"18":{"start":{"line":41,"column":30},"end":{"line":41,"column":56}},"19":{"start":{"line":45,"column":31},"end":{"line":45,"column":75}},"20":{"start":{"line":46,"column":12},"end":{"line":54,"column":13}},"21":{"start":{"line":47,"column":26},"end":{"line":47,"column":64}},"22":{"start":{"line":49,"column":16},"end":{"line":52,"column":72}},"23":{"start":{"line":49,"column":36},"end":{"line":49,"column":47}},"24":{"start":{"line":50,"column":21},"end":{"line":52,"column":72}},"25":{"start":{"line":50,"column":41},"end":{"line":50,"column":52}},"26":{"start":{"line":51,"column":21},"end":{"line":52,"column":72}},"27":{"start":{"line":51,"column":42},"end":{"line":51,"column":54}},"28":{"start":{"line":52,"column":21},"end":{"line":52,"column":72}},"29":{"start":{"line":52,"column":50},"end":{"line":52,"column":72}},"30":{"start":{"line":53,"column":16},"end":{"line":53,"column":34}},"31":{"start":{"line":56,"column":12},"end":{"line":56,"column":66}},"32":{"start":{"line":61,"column":15},"end":{"line":61,"column":57}},"33":{"start":{"line":63,"column":4},"end":{"line":72,"column":6}},"34":{"start":{"line":83,"column":4},"end":{"line":85,"column":5}},"35":{"start":{"line":84,"column":8},"end":{"line":84,"column":32}},"36":{"start":{"line":91,"column":18},"end":{"line":91,"column":61}},"37":{"start":{"line":94,"column":4},"end":{"line":94,"column":46}},"38":{"start":{"line":94,"column":32},"end":{"line":94,"column":46}},"39":{"start":{"line":97,"column":4},"end":{"line":97,"column":76}},"40":{"start":{"line":97,"column":61},"end":{"line":97,"column":76}},"41":{"start":{"line":98,"column":4},"end":{"line":98,"column":72}},"42":{"start":{"line":98,"column":57},"end":{"line":98,"column":72}},"43":{"start":{"line":101,"column":4},"end":{"line":101,"column":73}},"44":{"start":{"line":101,"column":57},"end":{"line":101,"column":73}},"45":{"start":{"line":104,"column":4},"end":{"line":104,"column":76}},"46":{"start":{"line":104,"column":59},"end":{"line":104,"column":76}},"47":{"start":{"line":107,"column":4},"end":{"line":107,"column":99}},"48":{"start":{"line":107,"column":83},"end":{"line":107,"column":99}},"49":{"start":{"line":110,"column":4},"end":{"line":110,"column":20}},"50":{"start":{"line":126,"column":25},"end":{"line":130,"column":5}},"51":{"start":{"line":127,"column":8},"end":{"line":129,"column":9}},"52":{"start":{"line":128,"column":12},"end":{"line":128,"column":45}},"53":{"start":{"line":132,"column":4},"end":{"line":134,"column":5}},"54":{"start":{"line":133,"column":8},"end":{"line":133,"column":65}},"55":{"start":{"line":136,"column":4},"end":{"line":192,"column":6}},"56":{"start":{"line":139,"column":31},"end":{"line":139,"column":55}},"57":{"start":{"line":140,"column":34},"end":{"line":140,"column":54}},"58":{"start":{"line":142,"column":16},"end":{"line":189,"column":17}},"59":{"start":{"line":144,"column":24},"end":{"line":151,"column":26}},"60":{"start":{"line":149,"column":51},"end":{"line":149,"column":79}},"61":{"start":{"line":153,"column":24},"end":{"line":160,"column":26}},"62":{"start":{"line":158,"column":51},"end":{"line":158,"column":79}},"63":{"start":{"line":162,"column":24},"end":{"line":169,"column":26}},"64":{"start":{"line":167,"column":51},"end":{"line":167,"column":79}},"65":{"start":{"line":171,"column":24},"end":{"line":179,"column":26}},"66":{"start":{"line":177,"column":51},"end":{"line":177,"column":79}},"67":{"start":{"line":181,"column":24},"end":{"line":188,"column":26}},"68":{"start":{"line":186,"column":51},"end":{"line":186,"column":79}}},"fnMap":{"0":{"name":"parseInput","decl":{"start":{"line":16,"column":9},"end":{"line":16,"column":19}},"loc":{"start":{"line":16,"column":34},"end":{"line":73,"column":1}},"line":16},"1":{"name":"(anonymous_1)","decl":{"start":{"line":41,"column":25},"end":{"line":41,"column":26}},"loc":{"start":{"line":41,"column":30},"end":{"line":41,"column":56}},"line":41},"2":{"name":"getInputType","decl":{"start":{"line":81,"column":9},"end":{"line":81,"column":21}},"loc":{"start":{"line":81,"column":35},"end":{"line":111,"column":1}},"line":81},"3":{"name":"NodeInput","decl":{"start":{"line":120,"column":24},"end":{"line":120,"column":33}},"loc":{"start":{"line":120,"column":61},"end":{"line":193,"column":1}},"line":120},"4":{"name":"(anonymous_4)","decl":{"start":{"line":126,"column":25},"end":{"line":126,"column":26}},"loc":{"start":{"line":126,"column":48},"end":{"line":130,"column":5}},"line":126},"5":{"name":"(anonymous_5)","decl":{"start":{"line":138,"column":24},"end":{"line":138,"column":25}},"loc":{"start":{"line":138,"column":42},"end":{"line":190,"column":13}},"line":138},"6":{"name":"(anonymous_6)","decl":{"start":{"line":149,"column":42},"end":{"line":149,"column":43}},"loc":{"start":{"line":149,"column":51},"end":{"line":149,"column":79}},"line":149},"7":{"name":"(anonymous_7)","decl":{"start":{"line":158,"column":42},"end":{"line":158,"column":43}},"loc":{"start":{"line":158,"column":51},"end":{"line":158,"column":79}},"line":158},"8":{"name":"(anonymous_8)","decl":{"start":{"line":167,"column":42},"end":{"line":167,"column":43}},"loc":{"start":{"line":167,"column":51},"end":{"line":167,"column":79}},"line":167},"9":{"name":"(anonymous_9)","decl":{"start":{"line":177,"column":42},"end":{"line":177,"column":43}},"loc":{"start":{"line":177,"column":51},"end":{"line":177,"column":79}},"line":177},"10":{"name":"(anonymous_10)","decl":{"start":{"line":186,"column":42},"end":{"line":186,"column":43}},"loc":{"start":{"line":186,"column":51},"end":{"line":186,"column":79}},"line":186}},"branchMap":{"0":{"loc":{"start":{"line":18,"column":26},"end":{"line":18,"column":51}},"type":"binary-expr","locations":[{"start":{"line":18,"column":26},"end":{"line":18,"column":41}},{"start":{"line":18,"column":45},"end":{"line":18,"column":51}}],"line":18},"1":{"loc":{"start":{"line":19,"column":21},"end":{"line":19,"column":39}},"type":"binary-expr","locations":[{"start":{"line":19,"column":21},"end":{"line":19,"column":31}},{"start":{"line":19,"column":35},"end":{"line":19,"column":39}}],"line":19},"2":{"loc":{"start":{"line":20,"column":22},"end":{"line":20,"column":50}},"type":"binary-expr","locations":[{"start":{"line":20,"column":22},"end":{"line":20,"column":33}},{"start":{"line":20,"column":37},"end":{"line":20,"column":50}}],"line":20},"3":{"loc":{"start":{"line":21,"column":22},"end":{"line":21,"column":47}},"type":"binary-expr","locations":[{"start":{"line":21,"column":22},"end":{"line":21,"column":39}},{"start":{"line":21,"column":43},"end":{"line":21,"column":47}}],"line":21},"4":{"loc":{"start":{"line":24,"column":4},"end":{"line":58,"column":5}},"type":"if","locations":[{"start":{"line":24,"column":4},"end":{"line":58,"column":5}},{"start":{},"end":{}}],"line":24},"5":{"loc":{"start":{"line":24,"column":8},"end":{"line":24,"column":82}},"type":"binary-expr","locations":[{"start":{"line":24,"column":8},"end":{"line":24,"column":18}},{"start":{"line":24,"column":22},"end":{"line":24,"column":52}},{"start":{"line":24,"column":56},"end":{"line":24,"column":82}}],"line":24},"6":{"loc":{"start":{"line":28,"column":12},"end":{"line":28,"column":53}},"type":"if","locations":[{"start":{"line":28,"column":12},"end":{"line":28,"column":53}},{"start":{},"end":{}}],"line":28},"7":{"loc":{"start":{"line":32,"column":12},"end":{"line":32,"column":60}},"type":"if","locations":[{"start":{"line":32,"column":12},"end":{"line":32,"column":60}},{"start":{},"end":{}}],"line":32},"8":{"loc":{"start":{"line":36,"column":12},"end":{"line":42,"column":13}},"type":"if","locations":[{"start":{"line":36,"column":12},"end":{"line":42,"column":13}},{"start":{},"end":{}}],"line":36},"9":{"loc":{"start":{"line":46,"column":12},"end":{"line":54,"column":13}},"type":"if","locations":[{"start":{"line":46,"column":12},"end":{"line":54,"column":13}},{"start":{},"end":{}}],"line":46},"10":{"loc":{"start":{"line":46,"column":16},"end":{"line":46,"column":55}},"type":"binary-expr","locations":[{"start":{"line":46,"column":16},"end":{"line":46,"column":26}},{"start":{"line":46,"column":30},"end":{"line":46,"column":55}}],"line":46},"11":{"loc":{"start":{"line":49,"column":16},"end":{"line":52,"column":72}},"type":"if","locations":[{"start":{"line":49,"column":16},"end":{"line":52,"column":72}},{"start":{"line":50,"column":21},"end":{"line":52,"column":72}}],"line":49},"12":{"loc":{"start":{"line":50,"column":21},"end":{"line":52,"column":72}},"type":"if","locations":[{"start":{"line":50,"column":21},"end":{"line":52,"column":72}},{"start":{"line":51,"column":21},"end":{"line":52,"column":72}}],"line":50},"13":{"loc":{"start":{"line":51,"column":21},"end":{"line":52,"column":72}},"type":"if","locations":[{"start":{"line":51,"column":21},"end":{"line":52,"column":72}},{"start":{"line":52,"column":21},"end":{"line":52,"column":72}}],"line":51},"14":{"loc":{"start":{"line":52,"column":21},"end":{"line":52,"column":72}},"type":"if","locations":[{"start":{"line":52,"column":21},"end":{"line":52,"column":72}},{"start":{},"end":{}}],"line":52},"15":{"loc":{"start":{"line":61,"column":15},"end":{"line":61,"column":57}},"type":"binary-expr","locations":[{"start":{"line":61,"column":15},"end":{"line":61,"column":23}},{"start":{"line":61,"column":27},"end":{"line":61,"column":57}}],"line":61},"16":{"loc":{"start":{"line":70,"column":18},"end":{"line":70,"column":41}},"type":"binary-expr","locations":[{"start":{"line":70,"column":18},"end":{"line":70,"column":32}},{"start":{"line":70,"column":36},"end":{"line":70,"column":41}}],"line":70},"17":{"loc":{"start":{"line":71,"column":14},"end":{"line":71,"column":30}},"type":"binary-expr","locations":[{"start":{"line":71,"column":14},"end":{"line":71,"column":24}},{"start":{"line":71,"column":28},"end":{"line":71,"column":30}}],"line":71},"18":{"loc":{"start":{"line":83,"column":4},"end":{"line":85,"column":5}},"type":"if","locations":[{"start":{"line":83,"column":4},"end":{"line":85,"column":5}},{"start":{},"end":{}}],"line":83},"19":{"loc":{"start":{"line":83,"column":8},"end":{"line":83,"column":54}},"type":"binary-expr","locations":[{"start":{"line":83,"column":8},"end":{"line":83,"column":24}},{"start":{"line":83,"column":28},"end":{"line":83,"column":54}}],"line":83},"20":{"loc":{"start":{"line":91,"column":19},"end":{"line":91,"column":46}},"type":"binary-expr","locations":[{"start":{"line":91,"column":19},"end":{"line":91,"column":40}},{"start":{"line":91,"column":44},"end":{"line":91,"column":46}}],"line":91},"21":{"loc":{"start":{"line":94,"column":4},"end":{"line":94,"column":46}},"type":"if","locations":[{"start":{"line":94,"column":4},"end":{"line":94,"column":46}},{"start":{},"end":{}}],"line":94},"22":{"loc":{"start":{"line":97,"column":4},"end":{"line":97,"column":76}},"type":"if","locations":[{"start":{"line":97,"column":4},"end":{"line":97,"column":76}},{"start":{},"end":{}}],"line":97},"23":{"loc":{"start":{"line":97,"column":8},"end":{"line":97,"column":59}},"type":"binary-expr","locations":[{"start":{"line":97,"column":8},"end":{"line":97,"column":31}},{"start":{"line":97,"column":35},"end":{"line":97,"column":59}}],"line":97},"24":{"loc":{"start":{"line":98,"column":4},"end":{"line":98,"column":72}},"type":"if","locations":[{"start":{"line":98,"column":4},"end":{"line":98,"column":72}},{"start":{},"end":{}}],"line":98},"25":{"loc":{"start":{"line":98,"column":8},"end":{"line":98,"column":55}},"type":"binary-expr","locations":[{"start":{"line":98,"column":8},"end":{"line":98,"column":29}},{"start":{"line":98,"column":33},"end":{"line":98,"column":55}}],"line":98},"26":{"loc":{"start":{"line":101,"column":4},"end":{"line":101,"column":73}},"type":"if","locations":[{"start":{"line":101,"column":4},"end":{"line":101,"column":73}},{"start":{},"end":{}}],"line":101},"27":{"loc":{"start":{"line":101,"column":8},"end":{"line":101,"column":55}},"type":"binary-expr","locations":[{"start":{"line":101,"column":8},"end":{"line":101,"column":29}},{"start":{"line":101,"column":33},"end":{"line":101,"column":55}}],"line":101},"28":{"loc":{"start":{"line":104,"column":4},"end":{"line":104,"column":76}},"type":"if","locations":[{"start":{"line":104,"column":4},"end":{"line":104,"column":76}},{"start":{},"end":{}}],"line":104},"29":{"loc":{"start":{"line":104,"column":8},"end":{"line":104,"column":57}},"type":"binary-expr","locations":[{"start":{"line":104,"column":8},"end":{"line":104,"column":30}},{"start":{"line":104,"column":34},"end":{"line":104,"column":57}}],"line":104},"30":{"loc":{"start":{"line":107,"column":4},"end":{"line":107,"column":99}},"type":"if","locations":[{"start":{"line":107,"column":4},"end":{"line":107,"column":99}},{"start":{},"end":{}}],"line":107},"31":{"loc":{"start":{"line":107,"column":8},"end":{"line":107,"column":81}},"type":"binary-expr","locations":[{"start":{"line":107,"column":8},"end":{"line":107,"column":30}},{"start":{"line":107,"column":34},"end":{"line":107,"column":56}},{"start":{"line":107,"column":60},"end":{"line":107,"column":81}}],"line":107},"32":{"loc":{"start":{"line":127,"column":8},"end":{"line":129,"column":9}},"type":"if","locations":[{"start":{"line":127,"column":8},"end":{"line":129,"column":9}},{"start":{},"end":{}}],"line":127},"33":{"loc":{"start":{"line":132,"column":4},"end":{"line":134,"column":5}},"type":"if","locations":[{"start":{"line":132,"column":4},"end":{"line":134,"column":5}},{"start":{},"end":{}}],"line":132},"34":{"loc":{"start":{"line":132,"column":8},"end":{"line":132,"column":38}},"type":"binary-expr","locations":[{"start":{"line":132,"column":8},"end":{"line":132,"column":15}},{"start":{"line":132,"column":19},"end":{"line":132,"column":38}}],"line":132},"35":{"loc":{"start":{"line":142,"column":16},"end":{"line":189,"column":17}},"type":"switch","locations":[{"start":{"line":143,"column":20},"end":{"line":151,"column":26}},{"start":{"line":152,"column":20},"end":{"line":160,"column":26}},{"start":{"line":161,"column":20},"end":{"line":169,"column":26}},{"start":{"line":170,"column":20},"end":{"line":179,"column":26}},{"start":{"line":180,"column":20},"end":{"line":188,"column":26}}],"line":142},"36":{"loc":{"start":{"line":148,"column":39},"end":{"line":148,"column":56}},"type":"binary-expr","locations":[{"start":{"line":148,"column":39},"end":{"line":148,"column":51}},{"start":{"line":148,"column":55},"end":{"line":148,"column":56}}],"line":148},"37":{"loc":{"start":{"line":157,"column":39},"end":{"line":157,"column":57}},"type":"binary-expr","locations":[{"start":{"line":157,"column":39},"end":{"line":157,"column":51}},{"start":{"line":157,"column":55},"end":{"line":157,"column":57}}],"line":157},"38":{"loc":{"start":{"line":166,"column":39},"end":{"line":166,"column":60}},"type":"binary-expr","locations":[{"start":{"line":166,"column":39},"end":{"line":166,"column":51}},{"start":{"line":166,"column":55},"end":{"line":166,"column":60}}],"line":166},"39":{"loc":{"start":{"line":175,"column":39},"end":{"line":175,"column":57}},"type":"binary-expr","locations":[{"start":{"line":175,"column":39},"end":{"line":175,"column":51}},{"start":{"line":175,"column":55},"end":{"line":175,"column":57}}],"line":175},"40":{"loc":{"start":{"line":176,"column":41},"end":{"line":176,"column":65}},"type":"binary-expr","locations":[{"start":{"line":176,"column":41},"end":{"line":176,"column":59}},{"start":{"line":176,"column":63},"end":{"line":176,"column":65}}],"line":176},"41":{"loc":{"start":{"line":185,"column":39},"end":{"line":185,"column":57}},"type":"binary-expr","locations":[{"start":{"line":185,"column":39},"end":{"line":185,"column":51}},{"start":{"line":185,"column":55},"end":{"line":185,"column":57}}],"line":185}},"s":{"0":16,"1":16,"2":16,"3":16,"4":16,"5":16,"6":1,"7":1,"8":1,"9":1,"10":1,"11":1,"12":0,"13":1,"14":1,"15":1,"16":1,"17":1,"18":2,"19":1,"20":1,"21":1,"22":1,"23":0,"24":1,"25":0,"26":1,"27":0,"28":1,"29":0,"30":1,"31":0,"32":16,"33":16,"34":16,"35":16,"36":0,"37":0,"38":0,"39":0,"40":0,"41":0,"42":0,"43":0,"44":0,"45":0,"46":0,"47":0,"48":0,"49":0,"50":14,"51":16,"52":16,"53":14,"54":1,"55":13,"56":16,"57":16,"58":16,"59":2,"60":4,"61":6,"62":8,"63":3,"64":2,"65":4,"66":2,"67":1,"68":0},"f":{"0":16,"1":2,"2":16,"3":14,"4":16,"5":16,"6":4,"7":8,"8":2,"9":2,"10":0},"b":{"0":[16,16],"1":[16,1],"2":[16,6],"3":[16,14],"4":[1,15],"5":[16,16,16],"6":[1,0],"7":[0,1],"8":[1,0],"9":[1,0],"10":[1,1],"11":[0,1],"12":[0,1],"13":[0,1],"14":[0,1],"15":[16,2],"16":[16,16],"17":[16,16],"18":[16,0],"19":[16,16],"20":[0,0],"21":[0,0],"22":[0,0],"23":[0,0],"24":[0,0],"25":[0,0],"26":[0,0],"27":[0,0],"28":[0,0],"29":[0,0],"30":[0,0],"31":[0,0,0],"32":[16,0],"33":[1,13],"34":[14,14],"35":[2,6,3,4,1],"36":[2,1],"37":[6,3],"38":[3,1],"39":[4,0],"40":[4,1],"41":[1,0]},"_coverageSchema":"1a1c01bbd47fc00a2c39e90264f33305004495a9","hash":"dc39ea0d9939aa7fbde02775cd6dd9fe3499beee"}
,"C:\\Users\\Hacks\\OneDrive\\Documents\\GitHub\\WebAlea\\webAleaFront\\src\\features\\nodes\\ui\\NodeOutputs.jsx": {"path":"C:\\Users\\Hacks\\OneDrive\\Documents\\GitHub\\WebAlea\\webAleaFront\\src\\features\\nodes\\ui\\NodeOutputs.jsx","statementMap":{"0":{"start":{"line":7,"column":15},"end":{"line":7,"column":26}},"1":{"start":{"line":10,"column":4},"end":{"line":17,"column":5}},"2":{"start":{"line":11,"column":8},"end":{"line":16,"column":9}},"3":{"start":{"line":12,"column":30},"end":{"line":12,"column":63}},"4":{"start":{"line":13,"column":12},"end":{"line":13,"column":47}},"5":{"start":{"line":13,"column":27},"end":{"line":13,"column":47}},"6":{"start":{"line":15,"column":12},"end":{"line":15,"column":73}},"7":{"start":{"line":19,"column":4},"end":{"line":19,"column":28}},"8":{"start":{"line":29,"column":4},"end":{"line":31,"column":5}},"9":{"start":{"line":30,"column":8},"end":{"line":30,"column":66}},"10":{"start":{"line":33,"column":4},"end":{"line":53,"column":6}},"11":{"start":{"line":36,"column":29},"end":{"line":36,"column":52}},"12":{"start":{"line":37,"column":30},"end":{"line":37,"column":84}},"13":{"start":{"line":39,"column":16},"end":{"line":50,"column":18}}},"fnMap":{"0":{"name":"parseOutputName","decl":{"start":{"line":6,"column":9},"end":{"line":6,"column":24}},"loc":{"start":{"line":6,"column":33},"end":{"line":20,"column":1}},"line":6},"1":{"name":"NodeOutput","decl":{"start":{"line":28,"column":24},"end":{"line":28,"column":34}},"loc":{"start":{"line":28,"column":48},"end":{"line":54,"column":1}},"line":28},"2":{"name":"(anonymous_2)","decl":{"start":{"line":35,"column":25},"end":{"line":35,"column":26}},"loc":{"start":{"line":35,"column":44},"end":{"line":51,"column":13}},"line":35}},"branchMap":{"0":{"loc":{"start":{"line":10,"column":4},"end":{"line":17,"column":5}},"type":"if","locations":[{"start":{"line":10,"column":4},"end":{"line":17,"column":5}},{"start":{},"end":{}}],"line":10},"1":{"loc":{"start":{"line":10,"column":8},"end":{"line":10,"column":36}},"type":"binary-expr","locations":[{"start":{"line":10,"column":8},"end":{"line":10,"column":12}},{"start":{"line":10,"column":16},"end":{"line":10,"column":36}}],"line":10},"2":{"loc":{"start":{"line":13,"column":12},"end":{"line":13,"column":47}},"type":"if","locations":[{"start":{"line":13,"column":12},"end":{"line":13,"column":47}},{"start":{},"end":{}}],"line":13},"3":{"loc":{"start":{"line":19,"column":11},"end":{"line":19,"column":27}},"type":"binary-expr","locations":[{"start":{"line":19,"column":11},"end":{"line":19,"column":15}},{"start":{"line":19,"column":19},"end":{"line":19,"column":27}}],"line":19},"4":{"loc":{"start":{"line":29,"column":4},"end":{"line":31,"column":5}},"type":"if","locations":[{"start":{"line":29,"column":4},"end":{"line":31,"column":5}},{"start":{},"end":{}}],"line":29},"5":{"loc":{"start":{"line":29,"column":8},"end":{"line":29,"column":40}},"type":"binary-expr","locations":[{"start":{"line":29,"column":8},"end":{"line":29,"column":16}},{"start":{"line":29,"column":20},"end":{"line":29,"column":40}}],"line":29},"6":{"loc":{"start":{"line":37,"column":30},"end":{"line":37,"column":84}},"type":"cond-expr","locations":[{"start":{"line":37,"column":59},"end":{"line":37,"column":79}},{"start":{"line":37,"column":82},"end":{"line":37,"column":84}}],"line":37},"7":{"loc":{"start":{"line":40,"column":30},"end":{"line":40,"column":60}},"type":"binary-expr","locations":[{"start":{"line":40,"column":30},"end":{"line":40,"column":39}},{"start":{"line":40,"column":43},"end":{"line":40,"column":60}}],"line":40}},"s":{"0":5,"1":5,"2":1,"3":1,"4":1,"5":1,"6":0,"7":5,"8":6,"9":1,"10":5,"11":5,"12":5,"13":5},"f":{"0":5,"1":6,"2":5},"b":{"0":[1,4],"1":[5,5],"2":[1,0],"3":[5,0],"4":[1,5],"5":[6,6],"6":[4,1],"7":[5,1]},"_coverageSchema":"1a1c01bbd47fc00a2c39e90264f33305004495a9","hash":"c7e6c3647a07c233c173a193ea70c89bdce9c8b7"}
,"C:\\Users\\Hacks\\OneDrive\\Documents\\GitHub\\WebAlea\\webAleaFront\\src\\features\\nodes\\ui\\sidebar_detail\\NodeDescription.jsx": {"path":"C:\\Users\\Hacks\\OneDrive\\Documents\\GitHub\\WebAlea\\webAleaFront\\src\\features\\nodes\\ui\\sidebar_detail\\NodeDescription.jsx","statementMap":{"0":{"start":{"line":14,"column":35},"end":{"line":14,"column":44}},"1":{"start":{"line":20,"column":17},"end":{"line":20,"column":54}},"2":{"start":{"line":20,"column":33},"end":{"line":20,"column":53}},"3":{"start":{"line":22,"column":4},"end":{"line":68,"column":5}},"4":{"start":{"line":23,"column":8},"end":{"line":23,"column":87}},"5":{"start":{"line":26,"column":8},"end":{"line":67,"column":10}},"6":{"start":{"line":40,"column":16},"end":{"line":42,"column":21}},"7":{"start":{"line":52,"column":16},"end":{"line":54,"column":21}}},"fnMap":{"0":{"name":"NodeDescription","decl":{"start":{"line":9,"column":24},"end":{"line":9,"column":39}},"loc":{"start":{"line":9,"column":42},"end":{"line":69,"column":1}},"line":9},"1":{"name":"(anonymous_1)","decl":{"start":{"line":20,"column":28},"end":{"line":20,"column":29}},"loc":{"start":{"line":20,"column":33},"end":{"line":20,"column":53}},"line":20},"2":{"name":"(anonymous_2)","decl":{"start":{"line":39,"column":38},"end":{"line":39,"column":39}},"loc":{"start":{"line":40,"column":16},"end":{"line":42,"column":21}},"line":40},"3":{"name":"(anonymous_3)","decl":{"start":{"line":51,"column":39},"end":{"line":51,"column":40}},"loc":{"start":{"line":52,"column":16},"end":{"line":54,"column":21}},"line":52}},"branchMap":{"0":{"loc":{"start":{"line":22,"column":4},"end":{"line":68,"column":5}},"type":"if","locations":[{"start":{"line":22,"column":4},"end":{"line":68,"column":5}},{"start":{"line":25,"column":9},"end":{"line":68,"column":5}}],"line":22},"1":{"loc":{"start":{"line":62,"column":38},"end":{"line":62,"column":99}},"type":"cond-expr","locations":[{"start":{"line":62,"column":70},"end":{"line":62,"column":82}},{"start":{"line":62,"column":85},"end":{"line":62,"column":99}}],"line":62}},"s":{"0":6,"1":6,"2":5,"3":6,"4":1,"5":5,"6":8,"7":4},"f":{"0":6,"1":5,"2":8,"3":4},"b":{"0":[1,5],"1":[4,1]},"_coverageSchema":"1a1c01bbd47fc00a2c39e90264f33305004495a9","hash":"f3b0d72f5b65e21dc128e8d866fa9dd7a2c277b3"}
,"C:\\Users\\Hacks\\OneDrive\\Documents\\GitHub\\WebAlea\\webAleaFront\\src\\features\\nodes\\ui\\sidebar_detail\\NodeDetailSection.jsx": {"path":"C:\\Users\\Hacks\\OneDrive\\Documents\\GitHub\\WebAlea\\webAleaFront\\src\\features\\nodes\\ui\\sidebar_detail\\NodeDetailSection.jsx","statementMap":{"0":{"start":{"line":16,"column":38},"end":{"line":16,"column":60}},"1":{"start":{"line":22,"column":29},"end":{"line":37,"column":5}},"2":{"start":{"line":23,"column":8},"end":{"line":36,"column":9}},"3":{"start":{"line":25,"column":16},"end":{"line":25,"column":42}},"4":{"start":{"line":27,"column":16},"end":{"line":27,"column":43}},"5":{"start":{"line":29,"column":16},"end":{"line":33,"column":18}},"6":{"start":{"line":35,"column":16},"end":{"line":35,"column":28}},"7":{"start":{"line":39,"column":4},"end":{"line":90,"column":6}},"8":{"start":{"line":61,"column":35},"end":{"line":61,"column":61}},"9":{"start":{"line":67,"column":35},"end":{"line":67,"column":55}},"10":{"start":{"line":73,"column":35},"end":{"line":73,"column":55}}},"fnMap":{"0":{"name":"NodeDetailSection","decl":{"start":{"line":11,"column":24},"end":{"line":11,"column":41}},"loc":{"start":{"line":11,"column":44},"end":{"line":91,"column":1}},"line":11},"1":{"name":"(anonymous_1)","decl":{"start":{"line":22,"column":29},"end":{"line":22,"column":30}},"loc":{"start":{"line":22,"column":35},"end":{"line":37,"column":5}},"line":22},"2":{"name":"(anonymous_2)","decl":{"start":{"line":61,"column":29},"end":{"line":61,"column":30}},"loc":{"start":{"line":61,"column":35},"end":{"line":61,"column":61}},"line":61},"3":{"name":"(anonymous_3)","decl":{"start":{"line":67,"column":29},"end":{"line":67,"column":30}},"loc":{"start":{"line":67,"column":35},"end":{"line":67,"column":55}},"line":67},"4":{"name":"(anonymous_4)","decl":{"start":{"line":73,"column":29},"end":{"line":73,"column":30}},"loc":{"start":{"line":73,"column":35},"end":{"line":73,"column":55}},"line":73}},"branchMap":{"0":{"loc":{"start":{"line":23,"column":8},"end":{"line":36,"column":9}},"type":"switch","locations":[{"start":{"line":24,"column":12},"end":{"line":25,"column":42}},{"start":{"line":26,"column":12},"end":{"line":27,"column":43}},{"start":{"line":28,"column":12},"end":{"line":33,"column":18}},{"start":{"line":34,"column":12},"end":{"line":35,"column":28}}],"line":23},"1":{"loc":{"start":{"line":60,"column":45},"end":{"line":60,"column":110}},"type":"cond-expr","locations":[{"start":{"line":60,"column":74},"end":{"line":60,"column":84}},{"start":{"line":60,"column":87},"end":{"line":60,"column":110}}],"line":60},"2":{"loc":{"start":{"line":66,"column":45},"end":{"line":66,"column":104}},"type":"cond-expr","locations":[{"start":{"line":66,"column":68},"end":{"line":66,"column":78}},{"start":{"line":66,"column":81},"end":{"line":66,"column":104}}],"line":66},"3":{"loc":{"start":{"line":72,"column":45},"end":{"line":72,"column":104}},"type":"cond-expr","locations":[{"start":{"line":72,"column":68},"end":{"line":72,"column":78}},{"start":{"line":72,"column":81},"end":{"line":72,"column":104}}],"line":72}},"s":{"0":8,"1":8,"2":8,"3":5,"4":1,"5":2,"6":0,"7":8,"8":1,"9":1,"10":2},"f":{"0":8,"1":8,"2":1,"3":1,"4":2},"b":{"0":[5,1,2,0],"1":[5,3],"2":[1,7],"3":[2,6]},"_coverageSchema":"1a1c01bbd47fc00a2c39e90264f33305004495a9","hash":"78e5509adca4a5899b7498392bd053e6587b335c"}
,"C:\\Users\\Hacks\\OneDrive\\Documents\\GitHub\\WebAlea\\webAleaFront\\src\\features\\nodes\\ui\\sidebar_detail\\NodeParameters.jsx": {"path":"C:\\Users\\Hacks\\OneDrive\\Documents\\GitHub\\WebAlea\\webAleaFront\\src\\features\\nodes\\ui\\sidebar_detail\\NodeParameters.jsx","statementMap":{"0":{"start":{"line":17,"column":62},"end":{"line":17,"column":71}},"1":{"start":{"line":22,"column":17},"end":{"line":22,"column":54}},"2":{"start":{"line":22,"column":33},"end":{"line":22,"column":53}},"3":{"start":{"line":27,"column":19},"end":{"line":27,"column":47}},"4":{"start":{"line":32,"column":20},"end":{"line":32,"column":49}},"5":{"start":{"line":39,"column":30},"end":{"line":47,"column":34}},"6":{"start":{"line":40,"column":8},"end":{"line":40,"column":26}},"7":{"start":{"line":40,"column":19},"end":{"line":40,"column":26}},"8":{"start":{"line":42,"column":30},"end":{"line":44,"column":9}},"9":{"start":{"line":43,"column":12},"end":{"line":43,"column":72}},"10":{"start":{"line":46,"column":8},"end":{"line":46,"column":55}},"11":{"start":{"line":52,"column":25},"end":{"line":56,"column":5}},"12":{"start":{"line":53,"column":8},"end":{"line":55,"column":9}},"13":{"start":{"line":54,"column":12},"end":{"line":54,"column":35}},"14":{"start":{"line":62,"column":4},"end":{"line":64,"column":5}},"15":{"start":{"line":63,"column":8},"end":{"line":63,"column":87}},"16":{"start":{"line":66,"column":4},"end":{"line":139,"column":6}}},"fnMap":{"0":{"name":"NodeParameters","decl":{"start":{"line":12,"column":24},"end":{"line":12,"column":38}},"loc":{"start":{"line":12,"column":41},"end":{"line":140,"column":1}},"line":12},"1":{"name":"(anonymous_1)","decl":{"start":{"line":22,"column":28},"end":{"line":22,"column":29}},"loc":{"start":{"line":22,"column":33},"end":{"line":22,"column":53}},"line":22},"2":{"name":"(anonymous_2)","decl":{"start":{"line":39,"column":42},"end":{"line":39,"column":43}},"loc":{"start":{"line":39,"column":65},"end":{"line":47,"column":5}},"line":39},"3":{"name":"(anonymous_3)","decl":{"start":{"line":42,"column":41},"end":{"line":42,"column":42}},"loc":{"start":{"line":43,"column":12},"end":{"line":43,"column":72}},"line":43},"4":{"name":"(anonymous_4)","decl":{"start":{"line":52,"column":25},"end":{"line":52,"column":26}},"loc":{"start":{"line":52,"column":31},"end":{"line":56,"column":5}},"line":52}},"branchMap":{"0":{"loc":{"start":{"line":27,"column":19},"end":{"line":27,"column":47}},"type":"cond-expr","locations":[{"start":{"line":27,"column":26},"end":{"line":27,"column":42}},{"start":{"line":27,"column":45},"end":{"line":27,"column":47}}],"line":27},"1":{"loc":{"start":{"line":32,"column":20},"end":{"line":32,"column":49}},"type":"cond-expr","locations":[{"start":{"line":32,"column":27},"end":{"line":32,"column":44}},{"start":{"line":32,"column":47},"end":{"line":32,"column":49}}],"line":32},"2":{"loc":{"start":{"line":40,"column":8},"end":{"line":40,"column":26}},"type":"if","locations":[{"start":{"line":40,"column":8},"end":{"line":40,"column":26}},{"start":{},"end":{}}],"line":40},"3":{"loc":{"start":{"line":43,"column":12},"end":{"line":43,"column":72}},"type":"cond-expr","locations":[{"start":{"line":43,"column":35},"end":{"line":43,"column":64}},{"start":{"line":43,"column":67},"end":{"line":43,"column":72}}],"line":43},"4":{"loc":{"start":{"line":53,"column":8},"end":{"line":55,"column":9}},"type":"if","locations":[{"start":{"line":53,"column":8},"end":{"line":55,"column":9}},{"start":{},"end":{}}],"line":53},"5":{"loc":{"start":{"line":62,"column":4},"end":{"line":64,"column":5}},"type":"if","locations":[{"start":{"line":62,"column":4},"end":{"line":64,"column":5}},{"start":{},"end":{}}],"line":62},"6":{"loc":{"start":{"line":98,"column":17},"end":{"line":108,"column":17}},"type":"binary-expr","locations":[{"start":{"line":98,"column":17},"end":{"line":98,"column":34}},{"start":{"line":99,"column":20},"end":{"line":107,"column":26}}],"line":98},"7":{"loc":{"start":{"line":110,"column":17},"end":{"line":117,"column":17}},"type":"binary-expr","locations":[{"start":{"line":110,"column":17},"end":{"line":110,"column":35}},{"start":{"line":111,"column":20},"end":{"line":116,"column":26}}],"line":110}},"s":{"0":5,"1":5,"2":4,"3":5,"4":5,"5":5,"6":1,"7":0,"8":1,"9":1,"10":1,"11":5,"12":1,"13":1,"14":5,"15":1,"16":4},"f":{"0":5,"1":4,"2":1,"3":1,"4":1},"b":{"0":[4,1],"1":[4,1],"2":[0,1],"3":[1,0],"4":[1,0],"5":[1,4],"6":[4,4],"7":[4,4]},"_coverageSchema":"1a1c01bbd47fc00a2c39e90264f33305004495a9","hash":"88ba406fad147d50a172c421602dad9665c557b7"}
,"C:\\Users\\Hacks\\OneDrive\\Documents\\GitHub\\WebAlea\\webAleaFront\\src\\features\\package-manager\\model\\TreeNode.jsx": {"path":"C:\\Users\\Hacks\\OneDrive\\Documents\\GitHub\\WebAlea\\webAleaFront\\src\\features\\package-manager\\model\\TreeNode.jsx","statementMap":{"0":{"start":{"line":9,"column":8},"end":{"line":9,"column":25}},"1":{"start":{"line":17,"column":8},"end":{"line":21,"column":10}}},"fnMap":{"0":{"name":"(anonymous_0)","decl":{"start":{"line":8,"column":4},"end":{"line":8,"column":5}},"loc":{"start":{"line":8,"column":22},"end":{"line":10,"column":5}},"line":8},"1":{"name":"(anonymous_1)","decl":{"start":{"line":16,"column":4},"end":{"line":16,"column":5}},"loc":{"start":{"line":16,"column":16},"end":{"line":22,"column":5}},"line":16}},"branchMap":{"0":{"loc":{"start":{"line":19,"column":19},"end":{"line":19,"column":56}},"type":"binary-expr","locations":[{"start":{"line":19,"column":19},"end":{"line":19,"column":40}},{"start":{"line":19,"column":44},"end":{"line":19,"column":56}}],"line":19}},"s":{"0":5,"1":6},"f":{"0":5,"1":6},"b":{"0":[6,0]},"_coverageSchema":"1a1c01bbd47fc00a2c39e90264f33305004495a9","hash":"72d37c76c3503119d7157383cce032cd97e11723"}
,"C:\\Users\\Hacks\\OneDrive\\Documents\\GitHub\\WebAlea\\webAleaFront\\src\\features\\package-manager\\ui\\PackageManager.jsx": {"path":"C:\\Users\\Hacks\\OneDrive\\Documents\\GitHub\\WebAlea\\webAleaFront\\src\\features\\package-manager\\ui\\PackageManager.jsx","statementMap":{"0":{"start":{"line":16,"column":24},"end":{"line":16,"column":33}},"1":{"start":{"line":17,"column":44},"end":{"line":17,"column":68}},"2":{"start":{"line":18,"column":40},"end":{"line":18,"column":57}},"3":{"start":{"line":23,"column":50},"end":{"line":23,"column":68}},"4":{"start":{"line":24,"column":46},"end":{"line":24,"column":66}},"5":{"start":{"line":25,"column":60},"end":{"line":25,"column":80}},"6":{"start":{"line":26,"column":60},"end":{"line":26,"column":85}},"7":{"start":{"line":27,"column":58},"end":{"line":27,"column":82}},"8":{"start":{"line":32,"column":50},"end":{"line":32,"column":68}},"9":{"start":{"line":33,"column":66},"end":{"line":33,"column":84}},"10":{"start":{"line":34,"column":48},"end":{"line":34,"column":68}},"11":{"start":{"line":35,"column":40},"end":{"line":35,"column":60}},"12":{"start":{"line":36,"column":54},"end":{"line":36,"column":79}},"13":{"start":{"line":37,"column":54},"end":{"line":37,"column":72}},"14":{"start":{"line":38,"column":50},"end":{"line":38,"column":115}},"15":{"start":{"line":40,"column":4},"end":{"line":51,"column":11}},"16":{"start":{"line":42,"column":39},"end":{"line":49,"column":9}},"17":{"start":{"line":43,"column":12},"end":{"line":48,"column":13}},"18":{"start":{"line":44,"column":37},"end":{"line":44,"column":69}},"19":{"start":{"line":45,"column":16},"end":{"line":45,"column":81}},"20":{"start":{"line":45,"column":69},"end":{"line":45,"column":77}},"21":{"start":{"line":47,"column":16},"end":{"line":47,"column":75}},"22":{"start":{"line":50,"column":8},"end":{"line":50,"column":33}},"23":{"start":{"line":58,"column":26},"end":{"line":84,"column":5}},"24":{"start":{"line":59,"column":25},"end":{"line":59,"column":64}},"25":{"start":{"line":62,"column":8},"end":{"line":83,"column":9}},"26":{"start":{"line":64,"column":12},"end":{"line":64,"column":57}},"27":{"start":{"line":65,"column":12},"end":{"line":65,"column":31}},"28":{"start":{"line":68,"column":29},"end":{"line":68,"column":52}},"29":{"start":{"line":69,"column":28},"end":{"line":81,"column":14}},"30":{"start":{"line":82,"column":12},"end":{"line":82,"column":29}},"31":{"start":{"line":86,"column":35},"end":{"line":96,"column":5}},"32":{"start":{"line":87,"column":8},"end":{"line":87,"column":52}},"33":{"start":{"line":89,"column":8},"end":{"line":89,"column":40}},"34":{"start":{"line":89,"column":30},"end":{"line":89,"column":38}},"35":{"start":{"line":90,"column":8},"end":{"line":90,"column":59}},"36":{"start":{"line":92,"column":8},"end":{"line":92,"column":31}},"37":{"start":{"line":93,"column":8},"end":{"line":93,"column":43}},"38":{"start":{"line":94,"column":8},"end":{"line":94,"column":31}},"39":{"start":{"line":95,"column":8},"end":{"line":95,"column":38}},"40":{"start":{"line":98,"column":17},"end":{"line":102,"column":5}},"41":{"start":{"line":104,"column":29},"end":{"line":115,"column":5}},"42":{"start":{"line":105,"column":8},"end":{"line":114,"column":9}},"43":{"start":{"line":107,"column":16},"end":{"line":107,"column":448}},"44":{"start":{"line":109,"column":16},"end":{"line":109,"column":72}},"45":{"start":{"line":111,"column":16},"end":{"line":111,"column":563}},"46":{"start":{"line":113,"column":16},"end":{"line":113,"column":28}},"47":{"start":{"line":117,"column":4},"end":{"line":143,"column":6}},"48":{"start":{"line":123,"column":37},"end":{"line":123,"column":45}},"49":{"start":{"line":124,"column":24},"end":{"line":133,"column":26}},"50":{"start":{"line":127,"column":47},"end":{"line":127,"column":70}}},"fnMap":{"0":{"name":"PackageManager","decl":{"start":{"line":15,"column":24},"end":{"line":15,"column":38}},"loc":{"start":{"line":15,"column":41},"end":{"line":144,"column":1}},"line":15},"1":{"name":"(anonymous_1)","decl":{"start":{"line":40,"column":20},"end":{"line":40,"column":21}},"loc":{"start":{"line":40,"column":26},"end":{"line":51,"column":5}},"line":40},"2":{"name":"(anonymous_2)","decl":{"start":{"line":42,"column":39},"end":{"line":42,"column":40}},"loc":{"start":{"line":42,"column":51},"end":{"line":49,"column":9}},"line":42},"3":{"name":"(anonymous_3)","decl":{"start":{"line":45,"column":62},"end":{"line":45,"column":63}},"loc":{"start":{"line":45,"column":69},"end":{"line":45,"column":77}},"line":45},"4":{"name":"(anonymous_4)","decl":{"start":{"line":58,"column":26},"end":{"line":58,"column":27}},"loc":{"start":{"line":58,"column":36},"end":{"line":84,"column":5}},"line":58},"5":{"name":"(anonymous_5)","decl":{"start":{"line":86,"column":35},"end":{"line":86,"column":36}},"loc":{"start":{"line":86,"column":44},"end":{"line":96,"column":5}},"line":86},"6":{"name":"(anonymous_6)","decl":{"start":{"line":89,"column":22},"end":{"line":89,"column":23}},"loc":{"start":{"line":89,"column":30},"end":{"line":89,"column":38}},"line":89},"7":{"name":"(anonymous_7)","decl":{"start":{"line":104,"column":29},"end":{"line":104,"column":30}},"loc":{"start":{"line":104,"column":35},"end":{"line":115,"column":5}},"line":104},"8":{"name":"(anonymous_8)","decl":{"start":{"line":122,"column":30},"end":{"line":122,"column":31}},"loc":{"start":{"line":122,"column":37},"end":{"line":134,"column":21}},"line":122},"9":{"name":"(anonymous_9)","decl":{"start":{"line":127,"column":41},"end":{"line":127,"column":42}},"loc":{"start":{"line":127,"column":47},"end":{"line":127,"column":70}},"line":127}},"branchMap":{"0":{"loc":{"start":{"line":62,"column":8},"end":{"line":83,"column":9}},"type":"if","locations":[{"start":{"line":62,"column":8},"end":{"line":83,"column":9}},{"start":{"line":66,"column":15},"end":{"line":83,"column":9}}],"line":62},"1":{"loc":{"start":{"line":62,"column":12},"end":{"line":62,"column":51}},"type":"binary-expr","locations":[{"start":{"line":62,"column":12},"end":{"line":62,"column":21}},{"start":{"line":62,"column":25},"end":{"line":62,"column":51}}],"line":62},"2":{"loc":{"start":{"line":68,"column":29},"end":{"line":68,"column":52}},"type":"binary-expr","locations":[{"start":{"line":68,"column":29},"end":{"line":68,"column":38}},{"start":{"line":68,"column":42},"end":{"line":68,"column":52}}],"line":68},"3":{"loc":{"start":{"line":70,"column":35},"end":{"line":70,"column":54}},"type":"binary-expr","locations":[{"start":{"line":70,"column":35},"end":{"line":70,"column":42}},{"start":{"line":70,"column":46},"end":{"line":70,"column":54}}],"line":70},"4":{"loc":{"start":{"line":73,"column":24},"end":{"line":73,"column":41}},"type":"binary-expr","locations":[{"start":{"line":73,"column":24},"end":{"line":73,"column":35}},{"start":{"line":73,"column":39},"end":{"line":73,"column":41}}],"line":73},"5":{"loc":{"start":{"line":74,"column":25},"end":{"line":74,"column":43}},"type":"binary-expr","locations":[{"start":{"line":74,"column":25},"end":{"line":74,"column":37}},{"start":{"line":74,"column":41},"end":{"line":74,"column":43}}],"line":74},"6":{"loc":{"start":{"line":105,"column":8},"end":{"line":114,"column":9}},"type":"switch","locations":[{"start":{"line":106,"column":12},"end":{"line":107,"column":448}},{"start":{"line":108,"column":12},"end":{"line":109,"column":72}},{"start":{"line":110,"column":12},"end":{"line":111,"column":563}},{"start":{"line":112,"column":12},"end":{"line":113,"column":28}}],"line":105},"7":{"loc":{"start":{"line":128,"column":66},"end":{"line":128,"column":105}},"type":"cond-expr","locations":[{"start":{"line":128,"column":92},"end":{"line":128,"column":100}},{"start":{"line":128,"column":103},"end":{"line":128,"column":105}}],"line":128}},"s":{"0":12,"1":12,"2":12,"3":12,"4":12,"5":12,"6":12,"7":12,"8":12,"9":12,"10":12,"11":12,"12":12,"13":12,"14":12,"15":12,"16":6,"17":6,"18":6,"19":6,"20":12,"21":0,"22":6,"23":12,"24":1,"25":1,"26":0,"27":0,"28":1,"29":1,"30":1,"31":12,"32":1,"33":1,"34":1,"35":1,"36":1,"37":1,"38":1,"39":1,"40":12,"41":12,"42":12,"43":8,"44":1,"45":3,"46":0,"47":12,"48":36,"49":36,"50":3},"f":{"0":12,"1":6,"2":6,"3":12,"4":1,"5":1,"6":1,"7":12,"8":36,"9":3},"b":{"0":[0,1],"1":[1,0],"2":[1,0],"3":[1,1],"4":[1,1],"5":[1,1],"6":[8,1,3,0],"7":[12,24]},"_coverageSchema":"1a1c01bbd47fc00a2c39e90264f33305004495a9","hash":"bc32f3730c041118bb23de8555c5fdb6a1557111"}
,"C:\\Users\\Hacks\\OneDrive\\Documents\\GitHub\\WebAlea\\webAleaFront\\src\\features\\package-manager\\ui\\type\\PanelInstallPackage.jsx": {"path":"C:\\Users\\Hacks\\OneDrive\\Documents\\GitHub\\WebAlea\\webAleaFront\\src\\features\\package-manager\\ui\\type\\PanelInstallPackage.jsx","statementMap":{"0":{"start":{"line":37,"column":4},"end":{"line":58,"column":11}},"1":{"start":{"line":39,"column":8},"end":{"line":42,"column":9}},"2":{"start":{"line":40,"column":12},"end":{"line":40,"column":30}},"3":{"start":{"line":41,"column":12},"end":{"line":41,"column":19}},"4":{"start":{"line":45,"column":12},"end":{"line":45,"column":29}},"5":{"start":{"line":46,"column":12},"end":{"line":55,"column":13}},"6":{"start":{"line":47,"column":36},"end":{"line":47,"column":59}},"7":{"start":{"line":48,"column":16},"end":{"line":48,"column":41}},"8":{"start":{"line":49,"column":16},"end":{"line":49,"column":49}},"9":{"start":{"line":51,"column":16},"end":{"line":51,"column":65}},"10":{"start":{"line":52,"column":16},"end":{"line":52,"column":100}},"11":{"start":{"line":54,"column":16},"end":{"line":54,"column":34}},"12":{"start":{"line":57,"column":8},"end":{"line":57,"column":24}},"13":{"start":{"line":63,"column":4},"end":{"line":72,"column":31}},"14":{"start":{"line":64,"column":8},"end":{"line":71,"column":9}},"15":{"start":{"line":65,"column":12},"end":{"line":65,"column":42}},"16":{"start":{"line":67,"column":29},"end":{"line":69,"column":13}},"17":{"start":{"line":68,"column":16},"end":{"line":68,"column":73}},"18":{"start":{"line":70,"column":12},"end":{"line":70,"column":42}},"19":{"start":{"line":78,"column":26},"end":{"line":118,"column":28}},"20":{"start":{"line":79,"column":8},"end":{"line":79,"column":32}},"21":{"start":{"line":80,"column":8},"end":{"line":117,"column":9}},"22":{"start":{"line":81,"column":27},"end":{"line":81,"column":67}},"23":{"start":{"line":83,"column":12},"end":{"line":107,"column":13}},"24":{"start":{"line":84,"column":16},"end":{"line":84,"column":75}},"25":{"start":{"line":84,"column":45},"end":{"line":84,"column":73}},"26":{"start":{"line":85,"column":16},"end":{"line":89,"column":19}},"27":{"start":{"line":91,"column":16},"end":{"line":93,"column":17}},"28":{"start":{"line":92,"column":20},"end":{"line":92,"column":44}},"29":{"start":{"line":94,"column":19},"end":{"line":107,"column":13}},"30":{"start":{"line":95,"column":33},"end":{"line":95,"column":75}},"31":{"start":{"line":96,"column":16},"end":{"line":100,"column":19}},"32":{"start":{"line":102,"column":16},"end":{"line":106,"column":19}},"33":{"start":{"line":109,"column":12},"end":{"line":109,"column":62}},"34":{"start":{"line":110,"column":12},"end":{"line":114,"column":15}},"35":{"start":{"line":116,"column":12},"end":{"line":116,"column":32}},"36":{"start":{"line":120,"column":32},"end":{"line":122,"column":5}},"37":{"start":{"line":121,"column":8},"end":{"line":121,"column":56}},"38":{"start":{"line":121,"column":29},"end":{"line":121,"column":53}},"39":{"start":{"line":125,"column":4},"end":{"line":134,"column":5}},"40":{"start":{"line":126,"column":8},"end":{"line":133,"column":10}},"41":{"start":{"line":136,"column":4},"end":{"line":221,"column":6}},"42":{"start":{"line":147,"column":41},"end":{"line":147,"column":70}},"43":{"start":{"line":161,"column":45},"end":{"line":161,"column":68}},"44":{"start":{"line":162,"column":44},"end":{"line":162,"column":75}},"45":{"start":{"line":164,"column":24},"end":{"line":193,"column":26}},"46":{"start":{"line":184,"column":59},"end":{"line":184,"column":77}}},"fnMap":{"0":{"name":"PanelInstallPackage","decl":{"start":{"line":32,"column":24},"end":{"line":32,"column":43}},"loc":{"start":{"line":32,"column":269},"end":{"line":222,"column":1}},"line":32},"1":{"name":"(anonymous_1)","decl":{"start":{"line":37,"column":14},"end":{"line":37,"column":15}},"loc":{"start":{"line":37,"column":20},"end":{"line":58,"column":5}},"line":37},"2":{"name":"fetchPackages","decl":{"start":{"line":44,"column":23},"end":{"line":44,"column":36}},"loc":{"start":{"line":44,"column":39},"end":{"line":56,"column":9}},"line":44},"3":{"name":"(anonymous_3)","decl":{"start":{"line":63,"column":14},"end":{"line":63,"column":15}},"loc":{"start":{"line":63,"column":20},"end":{"line":72,"column":5}},"line":63},"4":{"name":"(anonymous_4)","decl":{"start":{"line":67,"column":45},"end":{"line":67,"column":46}},"loc":{"start":{"line":68,"column":16},"end":{"line":68,"column":73}},"line":68},"5":{"name":"(anonymous_5)","decl":{"start":{"line":78,"column":38},"end":{"line":78,"column":39}},"loc":{"start":{"line":78,"column":53},"end":{"line":118,"column":5}},"line":78},"6":{"name":"(anonymous_6)","decl":{"start":{"line":84,"column":37},"end":{"line":84,"column":38}},"loc":{"start":{"line":84,"column":45},"end":{"line":84,"column":73}},"line":84},"7":{"name":"(anonymous_7)","decl":{"start":{"line":120,"column":32},"end":{"line":120,"column":33}},"loc":{"start":{"line":120,"column":38},"end":{"line":122,"column":5}},"line":120},"8":{"name":"(anonymous_8)","decl":{"start":{"line":121,"column":20},"end":{"line":121,"column":21}},"loc":{"start":{"line":121,"column":29},"end":{"line":121,"column":53}},"line":121},"9":{"name":"(anonymous_9)","decl":{"start":{"line":147,"column":34},"end":{"line":147,"column":35}},"loc":{"start":{"line":147,"column":41},"end":{"line":147,"column":70}},"line":147},"10":{"name":"(anonymous_10)","decl":{"start":{"line":160,"column":42},"end":{"line":160,"column":43}},"loc":{"start":{"line":160,"column":51},"end":{"line":194,"column":21}},"line":160},"11":{"name":"(anonymous_11)","decl":{"start":{"line":184,"column":53},"end":{"line":184,"column":54}},"loc":{"start":{"line":184,"column":59},"end":{"line":184,"column":77}},"line":184}},"branchMap":{"0":{"loc":{"start":{"line":39,"column":8},"end":{"line":42,"column":9}},"type":"if","locations":[{"start":{"line":39,"column":8},"end":{"line":42,"column":9}},{"start":{},"end":{}}],"line":39},"1":{"loc":{"start":{"line":64,"column":8},"end":{"line":71,"column":9}},"type":"if","locations":[{"start":{"line":64,"column":8},"end":{"line":71,"column":9}},{"start":{"line":66,"column":15},"end":{"line":71,"column":9}}],"line":64},"2":{"loc":{"start":{"line":83,"column":12},"end":{"line":107,"column":13}},"type":"if","locations":[{"start":{"line":83,"column":12},"end":{"line":107,"column":13}},{"start":{"line":94,"column":19},"end":{"line":107,"column":13}}],"line":83},"3":{"loc":{"start":{"line":91,"column":16},"end":{"line":93,"column":17}},"type":"if","locations":[{"start":{"line":91,"column":16},"end":{"line":93,"column":17}},{"start":{},"end":{}}],"line":91},"4":{"loc":{"start":{"line":94,"column":19},"end":{"line":107,"column":13}},"type":"if","locations":[{"start":{"line":94,"column":19},"end":{"line":107,"column":13}},{"start":{"line":101,"column":19},"end":{"line":107,"column":13}}],"line":94},"5":{"loc":{"start":{"line":94,"column":23},"end":{"line":94,"column":64}},"type":"binary-expr","locations":[{"start":{"line":94,"column":23},"end":{"line":94,"column":36}},{"start":{"line":94,"column":40},"end":{"line":94,"column":64}}],"line":94},"6":{"loc":{"start":{"line":95,"column":33},"end":{"line":95,"column":75}},"type":"binary-expr","locations":[{"start":{"line":95,"column":33},"end":{"line":95,"column":56}},{"start":{"line":95,"column":60},"end":{"line":95,"column":75}}],"line":95},"7":{"loc":{"start":{"line":112,"column":58},"end":{"line":112,"column":90}},"type":"binary-expr","locations":[{"start":{"line":112,"column":58},"end":{"line":112,"column":71}},{"start":{"line":112,"column":75},"end":{"line":112,"column":90}}],"line":112},"8":{"loc":{"start":{"line":125,"column":4},"end":{"line":134,"column":5}},"type":"if","locations":[{"start":{"line":125,"column":4},"end":{"line":134,"column":5}},{"start":{},"end":{}}],"line":125},"9":{"loc":{"start":{"line":167,"column":59},"end":{"line":167,"column":89}},"type":"cond-expr","locations":[{"start":{"line":167,"column":73},"end":{"line":167,"column":84}},{"start":{"line":167,"column":87},"end":{"line":167,"column":89}}],"line":167},"10":{"loc":{"start":{"line":167,"column":93},"end":{"line":167,"column":125}},"type":"cond-expr","locations":[{"start":{"line":167,"column":108},"end":{"line":167,"column":120}},{"start":{"line":167,"column":123},"end":{"line":167,"column":125}}],"line":167},"11":{"loc":{"start":{"line":174,"column":37},"end":{"line":190,"column":37}},"type":"cond-expr","locations":[{"start":{"line":175,"column":40},"end":{"line":175,"column":124}},{"start":{"line":176,"column":40},"end":{"line":190,"column":37}}],"line":174},"12":{"loc":{"start":{"line":176,"column":40},"end":{"line":190,"column":37}},"type":"cond-expr","locations":[{"start":{"line":177,"column":40},"end":{"line":179,"column":47}},{"start":{"line":181,"column":40},"end":{"line":189,"column":49}}],"line":176},"13":{"loc":{"start":{"line":198,"column":17},"end":{"line":206,"column":17}},"type":"binary-expr","locations":[{"start":{"line":198,"column":17},"end":{"line":198,"column":46}},{"start":{"line":199,"column":20},"end":{"line":205,"column":26}}],"line":198}},"s":{"0":7,"1":7,"2":1,"3":1,"4":6,"5":6,"6":6,"7":6,"8":6,"9":0,"10":0,"11":6,"12":6,"13":7,"14":7,"15":6,"16":1,"17":0,"18":1,"19":7,"20":2,"21":2,"22":2,"23":2,"24":1,"25":0,"26":1,"27":1,"28":1,"29":1,"30":1,"31":1,"32":0,"33":0,"34":0,"35":2,"36":7,"37":1,"38":1,"39":7,"40":1,"41":6,"42":1,"43":4,"44":4,"45":4,"46":2},"f":{"0":7,"1":7,"2":6,"3":7,"4":0,"5":2,"6":0,"7":1,"8":1,"9":1,"10":4,"11":2},"b":{"0":[1,6],"1":[6,1],"2":[1,1],"3":[1,0],"4":[1,0],"5":[1,1],"6":[1,0],"7":[0,0],"8":[1,6],"9":[0,4],"10":[0,4],"11":[0,4],"12":[0,4],"13":[6,3]},"_coverageSchema":"1a1c01bbd47fc00a2c39e90264f33305004495a9","hash":"d6bff6fc51c3d3d4928809ac0466d5a26987b072"}
,"C:\\Users\\Hacks\\OneDrive\\Documents\\GitHub\\WebAlea\\webAleaFront\\src\\features\\package-manager\\ui\\type\\PanelModuleNode.jsx": {"path":"C:\\Users\\Hacks\\OneDrive\\Documents\\GitHub\\WebAlea\\webAleaFront\\src\\features\\package-manager\\ui\\type\\PanelModuleNode.jsx","statementMap":{"0":{"start":{"line":20,"column":4},"end":{"line":50,"column":18}},"1":{"start":{"line":22,"column":8},"end":{"line":24,"column":9}},"2":{"start":{"line":23,"column":12},"end":{"line":23,"column":19}},"3":{"start":{"line":27,"column":12},"end":{"line":27,"column":29}},"4":{"start":{"line":28,"column":12},"end":{"line":47,"column":13}},"5":{"start":{"line":29,"column":39},"end":{"line":29,"column":68}},"6":{"start":{"line":31,"column":30},"end":{"line":40,"column":18}},"7":{"start":{"line":34,"column":57},"end":{"line":39,"column":21}},"8":{"start":{"line":42,"column":16},"end":{"line":42,"column":36}},"9":{"start":{"line":44,"column":16},"end":{"line":44,"column":72}},"10":{"start":{"line":46,"column":16},"end":{"line":46,"column":34}},"11":{"start":{"line":49,"column":8},"end":{"line":49,"column":24}},"12":{"start":{"line":52,"column":29},"end":{"line":91,"column":40}},"13":{"start":{"line":53,"column":8},"end":{"line":55,"column":9}},"14":{"start":{"line":54,"column":12},"end":{"line":54,"column":19}},"15":{"start":{"line":57,"column":8},"end":{"line":57,"column":37}},"16":{"start":{"line":59,"column":8},"end":{"line":90,"column":9}},"17":{"start":{"line":60,"column":33},"end":{"line":60,"column":72}},"18":{"start":{"line":62,"column":30},"end":{"line":71,"column":15}},"19":{"start":{"line":62,"column":56},"end":{"line":71,"column":13}},"20":{"start":{"line":73,"column":12},"end":{"line":82,"column":15}},"21":{"start":{"line":74,"column":16},"end":{"line":81,"column":20}},"22":{"start":{"line":74,"column":46},"end":{"line":81,"column":17}},"23":{"start":{"line":77,"column":24},"end":{"line":79,"column":33}},"24":{"start":{"line":84,"column":12},"end":{"line":84,"column":69}},"25":{"start":{"line":84,"column":38},"end":{"line":84,"column":67}},"26":{"start":{"line":87,"column":12},"end":{"line":87,"column":74}},"27":{"start":{"line":89,"column":12},"end":{"line":89,"column":36}},"28":{"start":{"line":93,"column":28},"end":{"line":118,"column":64}},"29":{"start":{"line":94,"column":25},"end":{"line":103,"column":9}},"30":{"start":{"line":95,"column":12},"end":{"line":101,"column":13}},"31":{"start":{"line":96,"column":16},"end":{"line":96,"column":48}},"32":{"start":{"line":96,"column":36},"end":{"line":96,"column":48}},"33":{"start":{"line":97,"column":16},"end":{"line":100,"column":17}},"34":{"start":{"line":98,"column":34},"end":{"line":98,"column":61}},"35":{"start":{"line":99,"column":20},"end":{"line":99,"column":44}},"36":{"start":{"line":99,"column":31},"end":{"line":99,"column":44}},"37":{"start":{"line":102,"column":12},"end":{"line":102,"column":24}},"38":{"start":{"line":105,"column":28},"end":{"line":105,"column":55}},"39":{"start":{"line":106,"column":8},"end":{"line":106,"column":33}},"40":{"start":{"line":106,"column":26},"end":{"line":106,"column":33}},"41":{"start":{"line":108,"column":8},"end":{"line":111,"column":9}},"42":{"start":{"line":109,"column":12},"end":{"line":109,"column":35}},"43":{"start":{"line":110,"column":12},"end":{"line":110,"column":19}},"44":{"start":{"line":113,"column":8},"end":{"line":117,"column":9}},"45":{"start":{"line":114,"column":12},"end":{"line":116,"column":13}},"46":{"start":{"line":115,"column":16},"end":{"line":115,"column":47}},"47":{"start":{"line":120,"column":38},"end":{"line":138,"column":53}},"48":{"start":{"line":121,"column":8},"end":{"line":137,"column":9}},"49":{"start":{"line":122,"column":29},"end":{"line":131,"column":13}},"50":{"start":{"line":123,"column":16},"end":{"line":129,"column":17}},"51":{"start":{"line":124,"column":20},"end":{"line":124,"column":52}},"52":{"start":{"line":124,"column":40},"end":{"line":124,"column":52}},"53":{"start":{"line":125,"column":20},"end":{"line":128,"column":21}},"54":{"start":{"line":126,"column":38},"end":{"line":126,"column":65}},"55":{"start":{"line":127,"column":24},"end":{"line":127,"column":48}},"56":{"start":{"line":127,"column":35},"end":{"line":127,"column":48}},"57":{"start":{"line":130,"column":16},"end":{"line":130,"column":28}},"58":{"start":{"line":133,"column":25},"end":{"line":133,"column":52}},"59":{"start":{"line":134,"column":12},"end":{"line":136,"column":13}},"60":{"start":{"line":135,"column":16},"end":{"line":135,"column":47}},"61":{"start":{"line":141,"column":4},"end":{"line":150,"column":5}},"62":{"start":{"line":142,"column":8},"end":{"line":149,"column":10}},"63":{"start":{"line":152,"column":24},"end":{"line":154,"column":40}},"64":{"start":{"line":157,"column":4},"end":{"line":169,"column":5}},"65":{"start":{"line":158,"column":8},"end":{"line":168,"column":10}},"66":{"start":{"line":171,"column":4},"end":{"line":220,"column":6}},"67":{"start":{"line":187,"column":59},"end":{"line":187,"column":80}}},"fnMap":{"0":{"name":"PanelModuleNode","decl":{"start":{"line":16,"column":24},"end":{"line":16,"column":39}},"loc":{"start":{"line":16,"column":213},"end":{"line":221,"column":1}},"line":16},"1":{"name":"(anonymous_1)","decl":{"start":{"line":20,"column":14},"end":{"line":20,"column":15}},"loc":{"start":{"line":20,"column":20},"end":{"line":50,"column":5}},"line":20},"2":{"name":"fetchPackages","decl":{"start":{"line":26,"column":23},"end":{"line":26,"column":36}},"loc":{"start":{"line":26,"column":39},"end":{"line":48,"column":9}},"line":26},"3":{"name":"(anonymous_3)","decl":{"start":{"line":34,"column":49},"end":{"line":34,"column":50}},"loc":{"start":{"line":34,"column":57},"end":{"line":39,"column":21}},"line":34},"4":{"name":"(anonymous_4)","decl":{"start":{"line":52,"column":41},"end":{"line":52,"column":42}},"loc":{"start":{"line":52,"column":62},"end":{"line":91,"column":5}},"line":52},"5":{"name":"(anonymous_5)","decl":{"start":{"line":62,"column":47},"end":{"line":62,"column":48}},"loc":{"start":{"line":62,"column":56},"end":{"line":71,"column":13}},"line":62},"6":{"name":"(anonymous_6)","decl":{"start":{"line":73,"column":25},"end":{"line":73,"column":26}},"loc":{"start":{"line":73,"column":38},"end":{"line":82,"column":13}},"line":73},"7":{"name":"(anonymous_7)","decl":{"start":{"line":74,"column":37},"end":{"line":74,"column":38}},"loc":{"start":{"line":74,"column":46},"end":{"line":81,"column":17}},"line":74},"8":{"name":"(anonymous_8)","decl":{"start":{"line":76,"column":48},"end":{"line":76,"column":49}},"loc":{"start":{"line":77,"column":24},"end":{"line":79,"column":33}},"line":77},"9":{"name":"(anonymous_9)","decl":{"start":{"line":84,"column":30},"end":{"line":84,"column":31}},"loc":{"start":{"line":84,"column":38},"end":{"line":84,"column":67}},"line":84},"10":{"name":"(anonymous_10)","decl":{"start":{"line":93,"column":40},"end":{"line":93,"column":41}},"loc":{"start":{"line":93,"column":66},"end":{"line":118,"column":5}},"line":93},"11":{"name":"(anonymous_11)","decl":{"start":{"line":94,"column":25},"end":{"line":94,"column":26}},"loc":{"start":{"line":94,"column":40},"end":{"line":103,"column":9}},"line":94},"12":{"name":"(anonymous_12)","decl":{"start":{"line":120,"column":50},"end":{"line":120,"column":51}},"loc":{"start":{"line":120,"column":88},"end":{"line":138,"column":5}},"line":120},"13":{"name":"(anonymous_13)","decl":{"start":{"line":122,"column":29},"end":{"line":122,"column":30}},"loc":{"start":{"line":122,"column":44},"end":{"line":131,"column":13}},"line":122},"14":{"name":"(anonymous_14)","decl":{"start":{"line":187,"column":47},"end":{"line":187,"column":48}},"loc":{"start":{"line":187,"column":59},"end":{"line":187,"column":80}},"line":187}},"branchMap":{"0":{"loc":{"start":{"line":22,"column":8},"end":{"line":24,"column":9}},"type":"if","locations":[{"start":{"line":22,"column":8},"end":{"line":24,"column":9}},{"start":{},"end":{}}],"line":22},"1":{"loc":{"start":{"line":53,"column":8},"end":{"line":55,"column":9}},"type":"if","locations":[{"start":{"line":53,"column":8},"end":{"line":55,"column":9}},{"start":{},"end":{}}],"line":53},"2":{"loc":{"start":{"line":53,"column":12},"end":{"line":53,"column":73}},"type":"binary-expr","locations":[{"start":{"line":53,"column":12},"end":{"line":53,"column":41}},{"start":{"line":53,"column":45},"end":{"line":53,"column":73}}],"line":53},"3":{"loc":{"start":{"line":65,"col
[...]
4,"column":18}},"60":{"start":{"line":259,"column":4},"end":{"line":282,"column":5}},"61":{"start":{"line":260,"column":8},"end":{"line":263,"column":9}},"62":{"start":{"line":261,"column":12},"end":{"line":261,"column":82}},"63":{"start":{"line":262,"column":12},"end":{"line":262,"column":25}},"64":{"start":{"line":265,"column":25},"end":{"line":265,"column":63}},"65":{"start":{"line":268,"column":30},"end":{"line":268,"column":78}},"66":{"start":{"line":271,"column":31},"end":{"line":271,"column":56}},"67":{"start":{"line":272,"column":8},"end":{"line":277,"column":11}},"68":{"start":{"line":273,"column":29},"end":{"line":273,"column":58}},"69":{"start":{"line":274,"column":12},"end":{"line":276,"column":61}},"70":{"start":{"line":280,"column":8},"end":{"line":280,"column":81}},"71":{"start":{"line":281,"column":8},"end":{"line":281,"column":21}},"72":{"start":{"line":299,"column":26},"end":{"line":303,"column":5}},"73":{"start":{"line":305,"column":4},"end":{"line":335,"column":5}},"74":{"start":{"line":306,"column":8},"end":{"line":309,"column":9}},"75":{"start":{"line":307,"column":12},"end":{"line":307,"column":79}},"76":{"start":{"line":308,"column":12},"end":{"line":308,"column":114}},"77":{"start":{"line":311,"column":25},"end":{"line":314,"column":11}},"78":{"start":{"line":317,"column":26},"end":{"line":317,"column":56}},"79":{"start":{"line":318,"column":23},"end":{"line":321,"column":11}},"80":{"start":{"line":318,"column":61},"end":{"line":321,"column":9}},"81":{"start":{"line":323,"column":8},"end":{"line":327,"column":10}},"82":{"start":{"line":325,"column":42},"end":{"line":325,"column":55}},"83":{"start":{"line":330,"column":8},"end":{"line":330,"column":74}},"84":{"start":{"line":331,"column":8},"end":{"line":334,"column":10}},"85":{"start":{"line":352,"column":4},"end":{"line":405,"column":5}},"86":{"start":{"line":353,"column":8},"end":{"line":356,"column":9}},"87":{"start":{"line":354,"column":12},"end":{"line":354,"column":77}},"88":{"start":{"line":355,"column":12},"end":{"line":355,"column":22}},"89":{"start":{"line":359,"column":28},"end":{"line":359,"column":62}},"90":{"start":{"line":360,"column":8},"end":{"line":367,"column":9}},"91":{"start":{"line":361,"column":12},"end":{"line":361,"column":92}},"92":{"start":{"line":362,"column":34},"end":{"line":362,"column":59}},"93":{"start":{"line":363,"column":12},"end":{"line":366,"column":13}},"94":{"start":{"line":364,"column":16},"end":{"line":364,"column":109}},"95":{"start":{"line":365,"column":16},"end":{"line":365,"column":26}},"96":{"start":{"line":370,"column":25},"end":{"line":370,"column":58}},"97":{"start":{"line":373,"column":8},"end":{"line":376,"column":9}},"98":{"start":{"line":374,"column":12},"end":{"line":374,"column":76}},"99":{"start":{"line":375,"column":12},"end":{"line":375,"column":22}},"100":{"start":{"line":379,"column":8},"end":{"line":382,"column":9}},"101":{"start":{"line":380,"column":12},"end":{"line":380,"column":84}},"102":{"start":{"line":381,"column":12},"end":{"line":381,"column":22}},"103":{"start":{"line":385,"column":25},"end":{"line":385,"column":45}},"104":{"start":{"line":386,"column":22},"end":{"line":398,"column":10}},"105":{"start":{"line":388,"column":27},"end":{"line":388,"column":99}},"106":{"start":{"line":388,"column":74},"end":{"line":388,"column":98}},"107":{"start":{"line":389,"column":28},"end":{"line":389,"column":101}},"108":{"start":{"line":389,"column":76},"end":{"line":389,"column":100}},"109":{"start":{"line":391,"column":12},"end":{"line":397,"column":14}},"110":{"start":{"line":400,"column":8},"end":{"line":400,"column":21}},"111":{"start":{"line":403,"column":8},"end":{"line":403,"column":87}},"112":{"start":{"line":404,"column":8},"end":{"line":404,"column":18}},"113":{"start":{"line":418,"column":4},"end":{"line":424,"column":5}},"114":{"start":{"line":419,"column":25},"end":{"line":419,"column":63}},"115":{"start":{"line":420,"column":8},"end":{"line":420,"column":88}},"116":{"start":{"line":420,"column":73},"end":{"line":420,"column":86}},"117":{"start":{"line":422,"column":8},"end":{"line":422,"column":93}},"118":{"start":{"line":423,"column":8},"end":{"line":423,"column":18}}},"fnMap":{"0":{"name":"safeString","decl":{"start":{"line":74,"column":9},"end":{"line":74,"column":19}},"loc":{"start":{"line":74,"column":42},"end":{"line":77,"column":1}},"line":74},"1":{"name":"safeArray","decl":{"start":{"line":84,"column":9},"end":{"line":84,"column":18}},"loc":{"start":{"line":84,"column":26},"end":{"line":87,"column":1}},"line":84},"2":{"name":"mapInterfaceToType","decl":{"start":{"line":95,"column":9},"end":{"line":95,"column":27}},"loc":{"start":{"line":95,"column":43},"end":{"line":106,"column":1}},"line":95},"3":{"name":"parseNodePort","decl":{"start":{"line":116,"column":9},"end":{"line":116,"column":22}},"loc":{"start":{"line":116,"column":40},"end":{"line":171,"column":1}},"line":116},"4":{"name":"getPackagesList","decl":{"start":{"line":188,"column":22},"end":{"line":188,"column":37}},"loc":{"start":{"line":188,"column":40},"end":{"line":216,"column":1}},"line":188},"5":{"name":"(anonymous_5)","decl":{"start":{"line":202,"column":17},"end":{"line":202,"column":18}},"loc":{"start":{"line":202,"column":38},"end":{"line":207,"column":13}},"line":202},"6":{"name":"(anonymous_6)","decl":{"start":{"line":208,"column":20},"end":{"line":208,"column":21}},"loc":{"start":{"line":208,"column":27},"end":{"line":208,"column":35}},"line":208},"7":{"name":"getVisualPackagesList","decl":{"start":{"line":228,"column":22},"end":{"line":228,"column":43}},"loc":{"start":{"line":228,"column":46},"end":{"line":246,"column":1}},"line":228},"8":{"name":"(anonymous_8)","decl":{"start":{"line":236,"column":17},"end":{"line":236,"column":18}},"loc":{"start":{"line":236,"column":25},"end":{"line":239,"column":13}},"line":236},"9":{"name":"(anonymous_9)","decl":{"start":{"line":240,"column":20},"end":{"line":240,"column":21}},"loc":{"start":{"line":240,"column":27},"end":{"line":240,"column":35}},"line":240},"10":{"name":"isInstalledPackage","decl":{"start":{"line":258,"column":22},"end":{"line":258,"column":40}},"loc":{"start":{"line":258,"column":54},"end":{"line":283,"column":1}},"line":258},"11":{"name":"(anonymous_11)","decl":{"start":{"line":272,"column":34},"end":{"line":272,"column":35}},"loc":{"start":{"line":272,"column":41},"end":{"line":277,"column":9}},"line":272},"12":{"name":"installPackage","decl":{"start":{"line":297,"column":22},"end":{"line":297,"column":36}},"loc":{"start":{"line":297,"column":42},"end":{"line":336,"column":1}},"line":297},"13":{"name":"(anonymous_13)","decl":{"start":{"line":318,"column":55},"end":{"line":318,"column":56}},"loc":{"start":{"line":318,"column":61},"end":{"line":321,"column":9}},"line":318},"14":{"name":"(anonymous_14)","decl":{"start":{"line":325,"column":37},"end":{"line":325,"column":38}},"loc":{"start":{"line":325,"column":42},"end":{"line":325,"column":55}},"line":325},"15":{"name":"getNodesList","decl":{"start":{"line":351,"column":22},"end":{"line":351,"column":34}},"loc":{"start":{"line":351,"column":40},"end":{"line":406,"column":1}},"line":351},"16":{"name":"(anonymous_16)","decl":{"start":{"line":386,"column":51},"end":{"line":386,"column":52}},"loc":{"start":{"line":386,"column":77},"end":{"line":398,"column":9}},"line":386},"17":{"name":"(anonymous_17)","decl":{"start":{"line":388,"column":59},"end":{"line":388,"column":60}},"loc":{"start":{"line":388,"column":74},"end":{"line":388,"column":98}},"line":388},"18":{"name":"(anonymous_18)","decl":{"start":{"line":389,"column":61},"end":{"line":389,"column":62}},"loc":{"start":{"line":389,"column":76},"end":{"line":389,"column":100}},"line":389},"19":{"name":"getInstalledPackagesList","decl":{"start":{"line":417,"column":22},"end":{"line":417,"column":46}},"loc":{"start":{"line":417,"column":49},"end":{"line":425,"column":1}},"line":417},"20":{"name":"(anonymous_20)","decl":{"start":{"line":420,"column":68},"end":{"line":420,"column":69}},"loc":{"start":{"line":420,"column":73},"end":{"line":420,"column":86}},"line":420}},"branchMap":{"0":{"loc":{"start":{"line":74,"column":27},"end":{"line":74,"column":40}},"type":"default-arg","locations":[{"start":{"line":74,"column":38},"end":{"line":74,"column":40}}],"line":74},"1":{"loc":{"start":{"line":75,"column":4},"end":{"line":75,"column":63}},"type":"if","locations":[{"start":{"line":75,"column":4},"end":{"line":75,"column":63}},{"start":{},"end":{}}],"line":75},"2":{"loc":{"start":{"line":75,"column":8},"end":{"line":75,"column":45}},"type":"binary-expr","locations":[{"start":{"line":75,"column":8},"end":{"line":75,"column":22}},{"start":{"line":75,"column":26},"end":{"line":75,"column":45}}],"line":75},"3":{"loc":{"start":{"line":85,"column":4},"end":{"line":85,"column":43}},"type":"if","locations":[{"start":{"line":85,"column":4},"end":{"line":85,"column":43}},{"start":{},"end":{}}],"line":85},"4":{"loc":{"start":{"line":96,"column":19},"end":{"line":96,"column":38}},"type":"binary-expr","locations":[{"start":{"line":96,"column":19},"end":{"line":96,"column":32}},{"start":{"line":96,"column":36},"end":{"line":96,"column":38}}],"line":96},"5":{"loc":{"start":{"line":97,"column":4},"end":{"line":97,"column":48}},"type":"if","locations":[{"start":{"line":97,"column":4},"end":{"line":97,"column":48}},{"start":{},"end":{}}],"line":97},"6":{"loc":{"start":{"line":98,"column":4},"end":{"line":98,"column":46}},"type":"if","locations":[{"start":{"line":98,"column":4},"end":{"line":98,"column":46}},{"start":{},"end":{}}],"line":98},"7":{"loc":{"start":{"line":99,"column":4},"end":{"line":99,"column":49}},"type":"if","locations":[{"start":{"line":99,"column":4},"end":{"line":99,"column":49}},{"start":{},"end":{}}],"line":99},"8":{"loc":{"start":{"line":100,"column":4},"end":{"line":100,"column":46}},"type":"if","locations":[{"start":{"line":100,"column":4},"end":{"line":100,"column":46}},{"start":{},"end":{}}],"line":100},"9":{"loc":{"start":{"line":101,"column":4},"end":{"line":101,"column":78}},"type":"if","locations":[{"start":{"line":101,"column":4},"end":{"line":101,"column":78}},{"start":{},"end":{}}],"line":101},"10":{"loc":{"start":{"line":101,"column":8},"end":{"line":101,"column":61}},"type":"binary-expr","locations":[{"start":{"line":101,"column":8},"end":{"line":101,"column":34}},{"start":{"line":101,"column":38},"end":{"line":101,"column":61}}],"line":101},"11":{"loc":{"start":{"line":102,"column":4},"end":{"line":102,"column":48}},"type":"if","locations":[{"start":{"line":102,"column":4},"end":{"line":102,"column":48}},{"start":{},"end":{}}],"line":102},"12":{"loc":{"start":{"line":103,"column":4},"end":{"line":103,"column":98}},"type":"if","locations":[{"start":{"line":103,"column":4},"end":{"line":103,"column":98}},{"start":{},"end":{}}],"line":103},"13":{"loc":{"start":{"line":103,"column":8},"end":{"line":103,"column":80}},"type":"binary-expr","locations":[{"start":{"line":103,"column":8},"end":{"line":103,"column":29}},{"start":{"line":103,"column":33},"end":{"line":103,"column":55}},{"start":{"line":103,"column":59},"end":{"line":103,"column":80}}],"line":103},"14":{"loc":{"start":{"line":104,"column":4},"end":{"line":104,"column":39}},"type":"if","locations":[{"start":{"line":104,"column":4},"end":{"line":104,"column":39}},{"start":{},"end":{}}],"line":104},"15":{"loc":{"start":{"line":116,"column":29},"end":{"line":116,"column":38}},"type":"default-arg","locations":[{"start":{"line":116,"column":37},"end":{"line":116,"column":38}}],"line":116},"16":{"loc":{"start":{"line":127,"column":4},"end":{"line":127,"column":34}},"type":"if","locations":[{"start":{"line":127,"column":4},"end":{"line":127,"column":34}},{"start":{},"end":{}}],"line":127},"17":{"loc":{"start":{"line":130,"column":4},"end":{"line":146,"column":5}},"type":"if","locations":[{"start":{"line":130,"column":4},"end":{"line":146,"column":5}},{"start":{},"end":{}}],"line":130},"18":{"loc":{"start":{"line":130,"column":8},"end":{"line":130,"column":59}},"type":"binary-expr","locations":[{"start":{"line":130,"column":8},"end":{"line":130,"column":32}},{"start":{"line":130,"column":36},"end":{"line":130,"column":59}}],"line":130},"19":{"loc":{"start":{"line":138,"column":29},"end":{"line":138,"column":58}},"type":"binary-expr","locations":[{"start":{"line":138,"column":29},"end":{"line":138,"column":38}},{"start":{"line":138,"column":42},"end":{"line":138,"column":58}}],"line":138},"20":{"loc":{"start":{"line":139,"column":21},"end":{"line":139,"column":41}},"type":"binary-expr","locations":[{"start":{"line":139,"column":21},"end":{"line":139,"column":33}},{"start":{"line":139,"column":37},"end":{"line":139,"column":41}}],"line":139},"21":{"loc":{"start":{"line":142,"column":8},"end":{"line":144,"column":9}},"type":"if","locations":[{"start":{"line":142,"column":8},"end":{"line":144,"column":9}},{"start":{},"end":{}}],"line":142},"22":{"loc":{"start":{"line":142,"column":12},"end":{"line":142,"column":65}},"type":"binary-expr","locations":[{"start":{"line":142,"column":12},"end":{"line":142,"column":29}},{"start":{"line":142,"column":33},"end":{"line":142,"column":65}}],"line":142},"23":{"loc":{"start":{"line":149,"column":4},"end":{"line":168,"column":5}},"type":"if","locations":[{"start":{"line":149,"column":4},"end":{"line":168,"column":5}},{"start":{},"end":{}}],"line":149},"24":{"loc":{"start":{"line":161,"column":33},"end":{"line":161,"column":66}},"type":"binary-expr","locations":[{"start":{"line":161,"column":33},"end":{"line":161,"column":44}},{"start":{"line":161,"column":48},"end":{"line":161,"column":66}}],"line":161},"25":{"loc":{"start":{"line":162,"column":25},"end":{"line":162,"column":47}},"type":"binary-expr","locations":[{"start":{"line":162,"column":25},"end":{"line":162,"column":39}},{"start":{"line":162,"column":43},"end":{"line":162,"column":47}}],"line":162},"26":{"loc":{"start":{"line":194,"column":8},"end":{"line":197,"column":9}},"type":"if","locations":[{"start":{"line":194,"column":8},"end":{"line":197,"column":9}},{"start":{},"end":{}}],"line":194},"27":{"loc":{"start":{"line":194,"column":12},"end":{"line":194,"column":53}},"type":"binary-expr","locations":[{"start":{"line":194,"column":12},"end":{"line":194,"column":21}},{"start":{"line":194,"column":25},"end":{"line":194,"column":53}}],"line":194},"28":{"loc":{"start":{"line":260,"column":8},"end":{"line":263,"column":9}},"type":"if","locations":[{"start":{"line":260,"column":8},"end":{"line":263,"column":9}},{"start":{},"end":{}}],"line":260},"29":{"loc":{"start":{"line":260,"column":12},"end":{"line":260,"column":59}},"type":"binary-expr","locations":[{"start":{"line":260,"column":12},"end":{"line":260,"column":24}},{"start":{"line":260,"column":28},"end":{"line":260,"column":59}}],"line":260},"30":{"loc":{"start":{"line":274,"column":19},"end":{"line":276,"column":60}},"type":"binary-expr","locations":[{"start":{"line":274,"column":19},"end":{"line":274,"column":46}},{"start":{"line":275,"column":19},"end":{"line":275,"column":60}},{"start":{"line":276,"column":19},"end":{"line":276,"column":60}}],"line":274},"31":{"loc":{"start":{"line":306,"column":8},"end":{"line":309,"column":9}},"type":"if","locations":[{"start":{"line":306,"column":8},"end":{"line":309,"column":9}},{"start":{},"end":{}}],"line":306},"32":{"loc":{"start":{"line":313,"column":21},"end":{"line":313,"column":40}},"type":"binary-expr","locations":[{"start":{"line":313,"column":21},"end":{"line":313,"column":32}},{"start":{"line":313,"column":36},"end":{"line":313,"column":40}}],"line":313},"33":{"loc":{"start":{"line":319,"column":32},"end":{"line":319,"column":53}},"type":"binary-expr","locations":[{"start":{"line":319,"column":32},"end":{"line":319,"column":42}},{"start":{"line":319,"column":46},"end":{"line":319,"column":53}}],"line":319},"34":{"loc":{"start":{"line":320,"column":30},"end":{"line":320,"column":52}},"type":"binary-expr","locations":[{"start":{"line":320,"column":30},"end":{"line":320,"column":38}},{"start":{"line":320,"column":42},"end":{"line":320,"column":52}}],"line":320},"35":{"loc":{"start":{"line":333,"column":32},"end":{"line":333,"column":54}},"type":"binary-expr","locations":[{"start":{"line":333,"column":32},"end":{"line":333,"column":41}},{"start":{"line":333,"column":45},"end":{"line":333,"column":54}}],"line":333},"36":{"loc":{"start":{"line":333,"column":63},"end":{"line":333,"column":101}},"type":"binary-expr","locations":[{"start":{"line":333,"column":63},"end":{"line":333,"column":76}},{"start":{"line":333,"column":80},"end":{"line":333,"column":101}}],"line":333},"37":{"loc":{"start":{"line":353,"column":8},"end":{"line":356,"column":9}},"type":"if","locations":[{"start":{"line":353,"column":8},"end":{"line":356,"column":9}},{"start":{},"end":{}}],"line":353},"38":{"loc":{"start":{"line":360,"column":8},"end":{"line":367,"column":9}},"type":"if","locations":[{"start":{"line":360,"column":8},"end":{"line":367,"column":9}},{"start":{},"end":{}}],"line":360},"39":{"loc":{"start":{"line":363,"column":12},"end":{"line":366,"column":13}},"type":"if","locations":[{"start":{"line":363,"column":12},"end":{"line":366,"column":13}},{"start":{},"end":{}}],"line":363},"40":{"loc":{"start":{"line":373,"column":8},"end":{"line":376,"column":9}},"type":"if","locations":[{"start":{"line":373,"column":8},"end":{"line":376,"column":9}},{"start":{},"end":{}}],"line":373},"41":{"loc":{"start":{"line":373,"column":12},"end":{"line":373,"column":53}},"type":"binary-expr","locations":[{"start":{"line":373,"column":12},"end":{"line":373,"column":21}},{"start":{"line":373,"column":25},"end":{"line":373,"column":53}}],"line":373},"42":{"loc":{"start":{"line":379,"column":8},"end":{"line":382,"column":9}},"type":"if","locations":[{"start":{"line":379,"column":8},"end":{"line":382,"column":9}},{"start":{},"end":{}}],"line":379},"43":{"loc":{"start":{"line":385,"column":25},"end":{"line":385,"column":45}},"type":"binary-expr","locations":[{"start":{"line":385,"column":25},"end":{"line":385,"column":39}},{"start":{"line":385,"column":43},"end":{"line":385,"column":45}}],"line":385},"44":{"loc":{"start":{"line":396,"column":26},"end":{"line":396,"column":52}},"type":"binary-expr","locations":[{"start":{"line":396,"column":26},"end":{"line":396,"column":44}},{"start":{"line":396,"column":48},"end":{"line":396,"column":52}}],"line":396}},"s":{"0":25,"1":0,"2":25,"3":28,"4":23,"5":5,"6":0,"7":0,"8":0,"9":0,"10":0,"11":0,"12":0,"13":0,"14":0,"15":0,"16":0,"17":0,"18":0,"19":0,"20":0,"21":0,"22":0,"23":0,"24":0,"25":0,"26":0,"27":0,"28":0,"29":0,"30":0,"31":0,"32":0,"33":0,"34":0,"35":0,"36":0,"37":0,"38":0,"39":0,"40":0,"41":2,"42":2,"43":2,"44":1,"45":1,"46":1,"47":2,"48":2,"49":1,"50":0,"51":0,"52":2,"53":2,"54":2,"55":2,"56":1,"57":1,"58":0,"59":0,"60":8,"61":8,"62":1,"63":1,"64":7,"65":7,"66":7,"67":7,"68":5,"69":5,"70":0,"71":0,"72":7,"73":7,"74":7,"75":1,"76":1,"77":6,"78":6,"79":6,"80":2,"81":6,"82":2,"83":0,"84":0,"85":5,"86":5,"87":0,"88":0,"89":5,"90":5,"91":4,"92":4,"93":4,"94":3,"95":3,"96":2,"97":2,"98":0,"99":0,"100":2,"101":0,"102":0,"103":2,"104":2,"105":3,"106":0,"107":3,"108":0,"109":3,"110":2,"111":0,"112":0,"113":1,"114":1,"115":1,"116":2,"117":0,"118":0},"f":{"0":25,"1":28,"2":0,"3":0,"4":2,"5":2,"6":2,"7":2,"8":1,"9":1,"10":8,"11":5,"12":7,"13":2,"14":2,"15":5,"16":3,"17":0,"18":0,"19":1,"20":2},"b":{"0":[19],"1":[0,25],"2":[25,25],"3":[23,5],"4":[0,0],"5":[0,0],"6":[0,0],"7":[0,0],"8":[0,0],"9":[0,0],"10":[0,0],"11":[0,0],"12":[0,0],"13":[0,0,0],"14":[0,0],"15":[0],"16":[0,0],"17":[0,0],"18":[0,0],"19":[0,0],"20":[0,0],"21":[0,0],"22":[0,0],"23":[0,0],"24":[0,0],"25":[0,0],"26":[1,1],"27":[2,1],"28":[1,7],"29":[8,7],"30":[5,3,3],"31":[1,6],"32":[6,5],"33":[2,0],"34":[2,0],"35":[0,0],"36":[0,0],"37":[0,5],"38":[4,1],"39":[3,1],"40":[0,2],"41":[2,2],"42":[0,2],"43":[2,0],"44":[3,3]},"_coverageSchema":"1a1c01bbd47fc00a2c39e90264f33305004495a9","hash":"2a95679608acb2d369ee014bee6df7f7bb85e21b"}
}
