TN:
SF:src\api\inspectorAPI.js
FN:13,fetchInstalledOpenAleaPackages
FN:22,fetchWraleaPackages
FN:31,fetchPackageNodes
FNF:3
FNH:3
FNDA:1,fetchInstalledOpenAleaPackages
FNDA:1,fetchWraleaPackages
FNDA:1,fetchPackageNodes
DA:14,1
DA:23,1
DA:32,1
LF:3
LH:3
BRF:0
BRH:0
end_of_record
TN:
SF:src\api\managerAPI.js
FN:12,fetchPackageList
FN:20,fetchLatestPackageVersions
FN:34,installPackages
FNF:3
FNH:3
FNDA:1,fetchPackageList
FNDA:1,fetchLatestPackageVersions
FNDA:1,installPackages
DA:13,1
DA:21,1
DA:35,1
DA:36,1
LF:4
LH:4
BRDA:34,0,0,0
BRF:1
BRH:0
end_of_record
TN:
SF:src\api\runnerAPI.js
FN:17,executeNode
FN:24,(anonymous_1)
FNF:2
FNH:2
FNDA:1,executeNode
FNDA:2,(anonymous_1)
DA:18,1
DA:20,1
DA:24,2
LF:3
LH:3
BRF:0
BRH:0
end_of_record
TN:
SF:src\api\utils.js
FN:6,fetchJSON
FNF:1
FNH:1
FNDA:7,fetchJSON
DA:7,7
DA:8,7
DA:14,7
DA:15,0
DA:18,7
DA:21,0
DA:22,0
LF:7
LH:4
BRDA:6,0,0,5
BRDA:6,1,0,5
BRDA:11,2,0,2
BRDA:11,2,1,5
BRDA:14,3,0,0
BRDA:14,3,1,7
BRF:6
BRH:5
end_of_record
TN:
SF:src\features\logger\providers\LogContext.jsx
FN:9,LogProvider
FN:21,(anonymous_1)
FN:23,(anonymous_2)
FNF:3
FNH:3
FNDA:14,LogProvider
FNDA:6,(anonymous_1)
FNDA:6,(anonymous_2)
DA:14,14
DA:21,14
DA:22,6
DA:23,6
DA:26,14
LF:5
LH:5
BRF:0
BRH:0
end_of_record
TN:
SF:src\features\logger\providers\LogContextDefinition.jsx
FN:13,useLog
FNF:1
FNH:1
FNDA:16,useLog
DA:7,4
DA:14,16
DA:15,16
DA:16,2
DA:18,14
LF:5
LH:5
BRDA:15,0,0,2
BRDA:15,0,1,14
BRF:2
BRH:2
end_of_record
TN:
SF:src\features\logger\ui\ConsoleLog.jsx
FN:9,ConsoleLog
FN:14,(anonymous_1)
FN:26,(anonymous_2)
FNF:3
FNH:3
FNDA:4,ConsoleLog
FNDA:4,(anonymous_1)
FNDA:4,(anonymous_2)
DA:11,4
DA:12,4
DA:14,4
DA:15,4
DA:16,4
DA:20,4
DA:27,4
LF:7
LH:7
BRDA:15,0,0,4
BRDA:15,0,1,0
BRF:2
BRH:1
end_of_record
TN:
SF:src\features\logger\ui\LogLine.jsx
FN:7,LogLine
FNF:1
FNH:1
FNDA:10,LogLine
DA:8,10
LF:1
LH:1
BRDA:12,0,0,2
BRDA:12,0,1,8
BRF:2
BRH:2
end_of_record
TN:
SF:src\features\nodes\model\NodeInputBool.jsx
FN:10,NodeInputBoolean
FN:20,(anonymous_1)
FN:24,(anonymous_2)
FNF:3
FNH:3
FNDA:16,NodeInputBoolean
FNDA:9,(anonymous_1)
FNDA:3,(anonymous_2)
DA:15,16
DA:20,16
DA:21,9
DA:24,16
DA:25,3
DA:26,3
DA:27,3
DA:28,3
DA:32,16
LF:9
LH:9
BRDA:10,0,0,2
BRDA:27,1,0,3
BRDA:27,1,1,0
BRF:3
BRH:2
end_of_record
TN:
SF:src\features\nodes\model\NodeInputEnum.jsx
FN:11,NodeInputEnum
FN:19,(anonymous_1)
FN:23,(anonymous_2)
FN:42,(anonymous_3)
FNF:4
FNH:4
FNDA:18,NodeInputEnum
FNDA:11,(anonymous_1)
FNDA:3,(anonymous_2)
FNDA:33,(anonymous_3)
DA:16,18
DA:19,18
DA:20,11
DA:23,18
DA:24,3
DA:25,3
DA:26,3
DA:27,3
DA:31,18
DA:43,33
LF:10
LH:10
BRDA:11,0,0,3
BRDA:11,1,0,0
BRDA:26,2,0,3
BRDA:26,2,1,0
BRDA:39,3,0,18
BRDA:39,3,1,2
BRF:6
BRH:4
end_of_record
TN:
SF:src\features\nodes\model\NodeInputFloat.jsx
FN:10,NodeInputFloat
FN:20,(anonymous_1)
FN:24,(anonymous_2)
FNF:3
FNH:3
FNDA:22,NodeInputFloat
FNDA:9,(anonymous_1)
FNDA:9,(anonymous_2)
DA:15,22
DA:20,22
DA:21,9
DA:24,22
DA:25,9
DA:26,9
DA:27,9
DA:28,9
DA:32,22
LF:9
LH:9
BRDA:10,0,0,2
BRDA:27,1,0,9
BRDA:27,1,1,0
BRDA:28,2,0,9
BRDA:28,2,1,3
BRF:5
BRH:4
end_of_record
TN:
SF:src\features\nodes\model\NodeInputStr.jsx
FN:10,NodeInputString
FN:20,(anonymous_1)
FN:24,(anonymous_2)
FNF:3
FNH:3
FNDA:39,NodeInputString
FNDA:13,(anonymous_1)
FNDA:21,(anonymous_2)
DA:15,39
DA:20,39
DA:21,13
DA:24,39
DA:25,21
DA:26,21
DA:27,21
DA:28,21
DA:32,39
LF:9
LH:9
BRDA:10,0,0,2
BRDA:27,1,0,21
BRDA:27,1,1,0
BRF:3
BRH:2
end_of_record
TN:
SF:src\features\nodes\ui\NodeInputs.jsx
FN:16,parseInput
FN:41,(anonymous_1)
FN:81,getInputType
FN:120,NodeInput
FN:126,(anonymous_4)
FN:138,(anonymous_5)
FN:149,(anonymous_6)
FN:158,(anonymous_7)
FN:167,(anonymous_8)
FN:177,(anonymous_9)
FN:186,(anonymous_10)
FNF:11
FNH:10
FNDA:16,parseInput
FNDA:2,(anonymous_1)
FNDA:16,getInputType
FNDA:14,NodeInput
FNDA:16,(anonymous_4)
FNDA:16,(anonymous_5)
FNDA:4,(anonymous_6)
FNDA:8,(anonymous_7)
FNDA:2,(anonymous_8)
FNDA:2,(anonymous_9)
FNDA:0,(anonymous_10)
DA:17,16
DA:18,16
DA:19,16
DA:20,16
DA:21,16
DA:24,16
DA:25,1
DA:27,1
DA:28,1
DA:31,1
DA:32,1
DA:35,1
DA:36,1
DA:37,1
DA:38,1
DA:39,1
DA:41,2
DA:45,1
DA:46,1
DA:47,1
DA:49,1
DA:50,1
DA:51,1
DA:52,1
DA:53,1
DA:56,0
DA:61,16
DA:63,16
DA:83,16
DA:84,16
DA:91,0
DA:94,0
DA:97,0
DA:98,0
DA:101,0
DA:104,0
DA:107,0
DA:110,0
DA:126,14
DA:127,16
DA:128,16
DA:132,14
DA:133,1
DA:136,13
DA:139,16
DA:140,16
DA:142,16
DA:144,2
DA:149,4
DA:153,6
DA:158,8
DA:162,3
DA:167,2
DA:171,4
DA:177,2
DA:181,1
DA:186,0
LF:57
LH:47
BRDA:18,0,0,16
BRDA:18,0,1,16
BRDA:19,1,0,16
BRDA:19,1,1,1
BRDA:20,2,0,16
BRDA:20,2,1,6
BRDA:21,3,0,16
BRDA:21,3,1,14
BRDA:24,4,0,1
BRDA:24,4,1,15
BRDA:24,5,0,16
BRDA:24,5,1,16
BRDA:24,5,2,16
BRDA:28,6,0,1
BRDA:28,6,1,0
BRDA:32,7,0,0
BRDA:32,7,1,1
BRDA:36,8,0,1
BRDA:36,8,1,0
BRDA:46,9,0,1
BRDA:46,9,1,0
BRDA:46,10,0,1
BRDA:46,10,1,1
BRDA:49,11,0,0
BRDA:49,11,1,1
BRDA:50,12,0,0
BRDA:50,12,1,1
BRDA:51,13,0,0
BRDA:51,13,1,1
BRDA:52,14,0,0
BRDA:52,14,1,1
BRDA:61,15,0,16
BRDA:61,15,1,2
BRDA:70,16,0,16
BRDA:70,16,1,16
BRDA:71,17,0,16
BRDA:71,17,1,16
BRDA:83,18,0,16
BRDA:83,18,1,0
BRDA:83,19,0,16
BRDA:83,19,1,16
BRDA:91,20,0,0
BRDA:91,20,1,0
BRDA:94,21,0,0
BRDA:94,21,1,0
BRDA:97,22,0,0
BRDA:97,22,1,0
BRDA:97,23,0,0
BRDA:97,23,1,0
BRDA:98,24,0,0
BRDA:98,24,1,0
BRDA:98,25,0,0
BRDA:98,25,1,0
BRDA:101,26,0,0
BRDA:101,26,1,0
BRDA:101,27,0,0
BRDA:101,27,1,0
BRDA:104,28,0,0
BRDA:104,28,1,0
BRDA:104,29,0,0
BRDA:104,29,1,0
BRDA:107,30,0,0
BRDA:107,30,1,0
BRDA:107,31,0,0
BRDA:107,31,1,0
BRDA:107,31,2,0
BRDA:127,32,0,16
BRDA:127,32,1,0
BRDA:132,33,0,1
BRDA:132,33,1,13
BRDA:132,34,0,14
BRDA:132,34,1,14
BRDA:142,35,0,2
BRDA:142,35,1,6
BRDA:142,35,2,3
BRDA:142,35,3,4
BRDA:142,35,4,1
BRDA:148,36,0,2
BRDA:148,36,1,1
BRDA:157,37,0,6
BRDA:157,37,1,3
BRDA:166,38,0,3
BRDA:166,38,1,1
BRDA:175,39,0,4
BRDA:175,39,1,0
BRDA:176,40,0,4
BRDA:176,40,1,1
BRDA:185,41,0,1
BRDA:185,41,1,0
BRF:89
BRH:52
end_of_record
TN:
SF:src\features\nodes\ui\NodeOutputs.jsx
FN:6,parseOutputName
FN:28,NodeOutput
FN:35,(anonymous_2)
FNF:3
FNH:3
FNDA:5,parseOutputName
FNDA:6,NodeOutput
FNDA:5,(anonymous_2)
DA:7,5
DA:10,5
DA:11,1
DA:12,1
DA:13,1
DA:15,0
DA:19,5
DA:29,6
DA:30,1
DA:33,5
DA:36,5
DA:37,5
DA:39,5
LF:13
LH:12
BRDA:10,0,0,1
BRDA:10,0,1,4
BRDA:10,1,0,5
BRDA:10,1,1,5
BRDA:13,2,0,1
BRDA:13,2,1,0
BRDA:19,3,0,5
BRDA:19,3,1,0
BRDA:29,4,0,1
BRDA:29,4,1,5
BRDA:29,5,0,6
BRDA:29,5,1,6
BRDA:37,6,0,4
BRDA:37,6,1,1
BRDA:40,7,0,5
BRDA:40,7,1,1
BRF:16
BRH:14
end_of_record
TN:
SF:src\features\nodes\ui\sidebar_detail\NodeDescription.jsx
FN:9,NodeDescription
FN:20,(anonymous_1)
FN:39,(anonymous_2)
FN:51,(anonymous_3)
FNF:4
FNH:4
FNDA:6,NodeDescription
FNDA:5,(anonymous_1)
FNDA:8,(anonymous_2)
FNDA:4,(anonymous_3)
DA:14,6
DA:20,6
DA:22,6
DA:23,1
DA:26,5
DA:40,8
DA:52,4
LF:7
LH:7
BRDA:22,0,0,1
BRDA:22,0,1,5
BRDA:62,1,0,4
BRDA:62,1,1,1
BRF:4
BRH:4
end_of_record
TN:
SF:src\features\nodes\ui\sidebar_detail\NodeDetailSection.jsx
FN:11,NodeDetailSection
FN:22,(anonymous_1)
FN:61,(anonymous_2)
FN:67,(anonymous_3)
FN:73,(anonymous_4)
FNF:5
FNH:5
FNDA:8,NodeDetailSection
FNDA:8,(anonymous_1)
FNDA:1,(anonymous_2)
FNDA:1,(anonymous_3)
FNDA:2,(anonymous_4)
DA:16,8
DA:22,8
DA:23,8
DA:25,5
DA:27,1
DA:29,2
DA:35,0
DA:39,8
DA:61,1
DA:67,1
DA:73,2
LF:11
LH:10
BRDA:23,0,0,5
BRDA:23,0,1,1
BRDA:23,0,2,2
BRDA:23,0,3,0
BRDA:60,1,0,5
BRDA:60,1,1,3
BRDA:66,2,0,1
BRDA:66,2,1,7
BRDA:72,3,0,2
BRDA:72,3,1,6
BRF:10
BRH:9
end_of_record
TN:
SF:src\features\nodes\ui\sidebar_detail\NodeParameters.jsx
FN:12,NodeParameters
FN:22,(anonymous_1)
FN:39,(anonymous_2)
FN:42,(anonymous_3)
FN:52,(anonymous_4)
FNF:5
FNH:5
FNDA:5,NodeParameters
FNDA:4,(anonymous_1)
FNDA:1,(anonymous_2)
FNDA:1,(anonymous_3)
FNDA:1,(anonymous_4)
DA:17,5
DA:22,5
DA:27,5
DA:32,5
DA:39,5
DA:40,1
DA:42,1
DA:43,1
DA:46,1
DA:52,5
DA:53,1
DA:54,1
DA:62,5
DA:63,1
DA:66,4
LF:15
LH:15
BRDA:27,0,0,4
BRDA:27,0,1,1
BRDA:32,1,0,4
BRDA:32,1,1,1
BRDA:40,2,0,0
BRDA:40,2,1,1
BRDA:43,3,0,1
BRDA:43,3,1,0
BRDA:53,4,0,1
BRDA:53,4,1,0
BRDA:62,5,0,1
BRDA:62,5,1,4
BRDA:98,6,0,4
BRDA:98,6,1,4
BRDA:110,7,0,4
BRDA:110,7,1,4
BRF:16
BRH:13
end_of_record
TN:
SF:src\features\package-manager\model\TreeNode.jsx
FN:8,(anonymous_0)
FN:16,(anonymous_1)
FNF:2
FNH:2
FNDA:5,(anonymous_0)
FNDA:6,(anonymous_1)
DA:9,5
DA:17,6
LF:2
LH:2
BRDA:19,0,0,6
BRDA:19,0,1,0
BRF:2
BRH:1
end_of_record
TN:
SF:src\features\package-manager\ui\PackageManager.jsx
FN:15,PackageManager
FN:40,(anonymous_1)
FN:42,(anonymous_2)
FN:45,(anonymous_3)
FN:58,(anonymous_4)
FN:86,(anonymous_5)
FN:89,(anonymous_6)
FN:104,(anonymous_7)
FN:122,(anonymous_8)
FN:127,(anonymous_9)
FNF:10
FNH:10
FNDA:12,PackageManager
FNDA:6,(anonymous_1)
FNDA:6,(anonymous_2)
FNDA:12,(anonymous_3)
FNDA:1,(anonymous_4)
FNDA:1,(anonymous_5)
FNDA:1,(anonymous_6)
FNDA:12,(anonymous_7)
FNDA:36,(anonymous_8)
FNDA:3,(anonymous_9)
DA:16,12
DA:17,12
DA:18,12
DA:23,12
DA:24,12
DA:25,12
DA:26,12
DA:27,12
DA:32,12
DA:33,12
DA:34,12
DA:35,12
DA:36,12
DA:37,12
DA:38,12
DA:40,12
DA:42,6
DA:43,6
DA:44,6
DA:45,12
DA:47,0
DA:50,6
DA:58,12
DA:59,1
DA:62,1
DA:64,0
DA:65,0
DA:68,1
DA:69,1
DA:82,1
DA:86,12
DA:87,1
DA:89,1
DA:90,1
DA:92,1
DA:93,1
DA:94,1
DA:95,1
DA:98,12
DA:104,12
DA:105,12
DA:107,8
DA:109,1
DA:111,3
DA:113,0
DA:117,12
DA:123,36
DA:124,36
DA:127,3
LF:49
LH:45
BRDA:62,0,0,0
BRDA:62,0,1,1
BRDA:62,1,0,1
BRDA:62,1,1,0
BRDA:68,2,0,1
BRDA:68,2,1,0
BRDA:70,3,0,1
BRDA:70,3,1,1
BRDA:73,4,0,1
BRDA:73,4,1,1
BRDA:74,5,0,1
BRDA:74,5,1,1
BRDA:105,6,0,8
BRDA:105,6,1,1
BRDA:105,6,2,3
BRDA:105,6,3,0
BRDA:128,7,0,12
BRDA:128,7,1,24
BRF:18
BRH:14
end_of_record
TN:
SF:src\features\package-manager\ui\type\PanelInstallPackage.jsx
FN:32,PanelInstallPackage
FN:37,(anonymous_1)
FN:44,fetchPackages
FN:63,(anonymous_3)
FN:67,(anonymous_4)
FN:78,(anonymous_5)
FN:84,(anonymous_6)
FN:120,(anonymous_7)
FN:121,(anonymous_8)
FN:147,(anonymous_9)
FN:160,(anonymous_10)
FN:184,(anonymous_11)
FNF:12
FNH:10
FNDA:7,PanelInstallPackage
FNDA:7,(anonymous_1)
FNDA:6,fetchPackages
FNDA:7,(anonymous_3)
FNDA:0,(anonymous_4)
FNDA:2,(anonymous_5)
FNDA:0,(anonymous_6)
FNDA:1,(anonymous_7)
FNDA:1,(anonymous_8)
FNDA:1,(anonymous_9)
FNDA:4,(anonymous_10)
FNDA:2,(anonymous_11)
DA:37,7
DA:39,7
DA:40,1
DA:41,1
DA:45,6
DA:46,6
DA:47,6
DA:48,6
DA:49,6
DA:51,0
DA:52,0
DA:54,6
DA:57,6
DA:63,7
DA:64,7
DA:65,6
DA:67,1
DA:68,0
DA:70,1
DA:78,7
DA:79,2
DA:80,2
DA:81,2
DA:83,2
DA:84,1
DA:85,1
DA:91,1
DA:92,1
DA:94,1
DA:95,1
DA:96,1
DA:102,0
DA:109,0
DA:110,0
DA:116,2
DA:120,7
DA:121,1
DA:125,7
DA:126,1
DA:136,6
DA:147,1
DA:161,4
DA:162,4
DA:164,4
DA:184,2
LF:45
LH:39
BRDA:39,0,0,1
BRDA:39,0,1,6
BRDA:64,1,0,6
BRDA:64,1,1,1
BRDA:83,2,0,1
BRDA:83,2,1,1
BRDA:91,3,0,1
BRDA:91,3,1,0
BRDA:94,4,0,1
BRDA:94,4,1,0
BRDA:94,5,0,1
BRDA:94,5,1,1
BRDA:95,6,0,1
BRDA:95,6,1,0
BRDA:112,7,0,0
BRDA:112,7,1,0
BRDA:125,8,0,1
BRDA:125,8,1,6
BRDA:167,9,0,0
BRDA:167,9,1,4
BRDA:167,10,0,0
BRDA:167,10,1,4
BRDA:174,11,0,0
BRDA:174,11,1,4
BRDA:176,12,0,0
BRDA:176,12,1,4
BRDA:198,13,0,6
BRDA:198,13,1,3
BRF:28
BRH:19
end_of_record
TN:
SF:src\features\package-manager\ui\type\PanelModuleNode.jsx
FN:16,PanelModuleNode
FN:20,(anonymous_1)
FN:26,fetchPackages
FN:34,(anonymous_3)
FN:52,(anonymous_4)
FN:62,(anonymous_5)
FN:73,(anonymous_6)
FN:74,(anonymous_7)
FN:76,(anonymous_8)
FN:84,(anonymous_9)
FN:93,(anonymous_10)
FN:94,(anonymous_11)
FN:120,(anonymous_12)
FN:122,(anonymous_13)
FN:187,(anonymous_14)
FNF:15
FNH:10
FNDA:8,PanelModuleNode
FNDA:8,(anonymous_1)
FNDA:2,fetchPackages
FNDA:1,(anonymous_3)
FNDA:2,(anonymous_4)
FNDA:2,(anonymous_5)
FNDA:0,(anonymous_6)
FNDA:0,(anonymous_7)
FNDA:0,(anonymous_8)
FNDA:0,(anonymous_9)
FNDA:3,(anonymous_10)
FNDA:7,(anonymous_11)
FNDA:1,(anonymous_12)
FNDA:2,(anonymous_13)
FNDA:0,(anonymous_14)
DA:20,8
DA:22,8
DA:23,6
DA:27,2
DA:28,2
DA:29,2
DA:31,2
DA:34,1
DA:42,1
DA:44,1
DA:46,2
DA:49,2
DA:52,8
DA:53,2
DA:54,0
DA:57,2
DA:59,2
DA:60,2
DA:62,2
DA:73,2
DA:74,0
DA:77,0
DA:84,2
DA:87,0
DA:89,2
DA:93,8
DA:94,3
DA:95,7
DA:96,7
DA:97,4
DA:98,4
DA:99,4
DA:102,0
DA:105,3
DA:106,3
DA:108,3
DA:109,1
DA:110,1
DA:113,2
DA:114,2
DA:115,1
DA:120,8
DA:121,1
DA:122,1
DA:123,2
DA:124,2
DA:125,1
DA:126,1
DA:127,1
DA:130,0
DA:133,1
DA:134,1
DA:135,1
DA:141,8
DA:142,1
DA:152,7
DA:157,7
DA:158,2
DA:171,5
DA:187,0
LF:60
LH:53
BRDA:22,0,0,6
BRDA:22,0,1,2
BRDA:53,1,0,0
BRDA:53,1,1,2
BRDA:53,2,0,2
BRDA:53,2,1,2
BRDA:65,3,0,2
BRDA:65,3,1,2
BRDA:66,4,0,2
BRDA:66,4,1,2
BRDA:67,5,0,2
BRDA:67,5,1,2
BRDA:77,6,0,0
BRDA:77,6,1,0
BRDA:96,7,0,3
BRDA:96,7,1,4
BRDA:97,8,0,4
BRDA:97,8,1,0
BRDA:99,9,0,4
BRDA:99,9,1,0
BRDA:106,10,0,0
BRDA:106,10,1,3
BRDA:108,11,0,1
BRDA:108,11,1,2
BRDA:108,12,0,3
BRDA:108,12,1,1
BRDA:113,13,0,2
BRDA:113,13,1,0
BRDA:113,14,0,2
BRDA:113,14,1,2
BRDA:113,14,2,2
BRDA:114,15,0,1
BRDA:114,15,1,1
BRDA:121,16,0,1
BRDA:121,16,1,0
BRDA:121,17,0,1
BRDA:121,17,1,1
BRDA:121,17,2,1
BRDA:124,18,0,1
BRDA:124,18,1,1
BRDA:125,19,0,1
BRDA:125,19,1,0
BRDA:127,20,0,1
BRDA:127,20,1,0
BRDA:134,21,0,1
BRDA:134,21,1,0
BRDA:134,22,0,1
BRDA:134,22,1,1
BRDA:141,23,0,1
BRDA:141,23,1,7
BRDA:152,24,0,7
BRDA:152,24,1,6
BRDA:152,24,2,6
BRDA:157,25,0,2
BRDA:157,25,1,5
BRDA:174,26,0,5
BRDA:174,26,1,0
BRF:57
BRH:45
end_of_record
TN:
SF:src\features\package-manager\ui\type\PanelPrimitiveNode.jsx
FN:61,PanelPrimitiveNode
FN:67,(anonymous_1)
FN:87,(anonymous_2)
FN:93,(anonymous_3)
FN:96,(anonymous_4)
FNF:5
FNH:5
FNDA:2,PanelPrimitiveNode
FNDA:3,(anonymous_1)
FNDA:6,(anonymous_2)
FNDA:1,(anonymous_3)
FNDA:2,(anonymous_4)
DA:9,1
DA:67,2
DA:68,3
DA:70,3
DA:71,3
DA:79,2
DA:88,6
DA:89,6
DA:93,1
DA:97,2
DA:98,2
LF:11
LH:11
BRDA:68,0,0,3
BRDA:68,0,1,0
BRDA:97,1,0,2
BRDA:97,1,1,0
BRDA:97,2,0,2
BRDA:97,2,1,1
BRF:6
BRH:4
end_of_record
TN:
SF:src\features\toolbar\model\ImportModal.jsx
FN:20,ImportModal
FN:27,(anonymous_1)
FN:34,(anonymous_2)
FN:38,(anonymous_3)
FN:51,(anonymous_4)
FN:55,(anonymous_5)
FN:61,(anonymous_6)
FN:78,(anonymous_7)
FN:79,(anonymous_8)
FN:80,(anonymous_9)
FNF:10
FNH:10
FNDA:50,ImportModal
FNDA:21,(anonymous_1)
FNDA:9,(anonymous_2)
FNDA:8,(anonymous_3)
FNDA:7,(anonymous_4)
FNDA:2,(anonymous_5)
FNDA:2,(anonymous_6)
FNDA:14,(anonymous_7)
FNDA:3,(anonymous_8)
FNDA:1,(anonymous_9)
DA:21,50
DA:22,50
DA:23,50
DA:24,50
DA:25,50
DA:27,50
DA:28,21
DA:29,19
DA:30,19
DA:34,50
DA:35,9
DA:37,8
DA:38,8
DA:39,8
DA:40,8
DA:41,7
DA:43,1
DA:44,1
DA:47,8
DA:48,8
DA:51,50
DA:52,7
DA:55,50
DA:56,2
DA:57,2
DA:58,2
DA:61,50
DA:62,2
DA:63,2
DA:64,2
DA:68,50
DA:78,14
DA:79,3
DA:80,1
LF:34
LH:34
BRDA:25,0,0,22
BRDA:25,0,1,28
BRDA:28,1,0,19
BRDA:28,1,1,2
BRDA:35,2,0,1
BRDA:35,2,1,8
BRDA:62,3,0,2
BRDA:62,3,1,0
BRDA:77,4,0,6
BRDA:77,4,1,44
BRF:10
BRH:9
end_of_record
TN:
SF:src\features\toolbar\ui\ButtonToolBar.jsx
FN:8,ButtonToolBar
FNF:1
FNH:1
FNDA:2,ButtonToolBar
DA:9,2
LF:1
LH:1
BRDA:11,0,0,2
BRDA:11,0,1,2
BRF:2
BRH:2
end_of_record
TN:
SF:src\features\toolbar\ui\ToolBar.jsx
FN:37,ProgressBar
FN:38,(anonymous_1)
FN:83,StatusIndicator
FN:84,(anonymous_3)
FN:100,(anonymous_4)
FN:127,ToolBar
FN:147,(anonymous_6)
FN:148,(anonymous_7)
FN:150,(anonymous_8)
FN:169,(anonymous_9)
FN:189,(anonymous_10)
FN:190,(anonymous_11)
FN:191,(anonymous_12)
FN:205,(anonymous_13)
FN:243,(anonymous_14)
FNF:15
FNH:15
FNDA:23,ProgressBar
FNDA:9,(anonymous_1)
FNDA:21,StatusIndicator
FNDA:7,(anonymous_3)
FNDA:7,(anonymous_4)
FNDA:14,ToolBar
FNDA:3,(anonymous_6)
FNDA:1,(anonymous_7)
FNDA:1,(anonymous_8)
FNDA:1,(anonymous_9)
FNDA:1,(anonymous_10)
FNDA:2,(anonymous_11)
FNDA:2,(anonymous_12)
FNDA:1,(anonymous_13)
FNDA:1,(anonymous_14)
DA:38,23
DA:39,9
DA:40,5
DA:41,1
DA:42,1
DA:43,1
DA:44,1
DA:48,23
DA:50,9
DA:84,21
DA:85,7
DA:87,2
DA:89,1
DA:92,2
DA:94,1
DA:96,1
DA:100,21
DA:101,7
DA:102,2
DA:103,1
DA:104,1
DA:105,1
DA:106,1
DA:107,1
DA:111,21
DA:113,7
DA:128,14
DA:137,14
DA:139,14
DA:141,14
DA:147,14
DA:148,14
DA:150,14
DA:151,1
DA:152,1
DA:153,0
DA:155,1
DA:156,1
DA:157,1
DA:162,0
DA:169,14
DA:170,1
DA:171,1
DA:172,1
DA:174,1
DA:175,1
DA:176,1
DA:177,1
DA:178,1
DA:179,1
DA:180,1
DA:182,0
DA:189,14
DA:190,2
DA:191,2
DA:193,1
DA:205,14
DA:206,1
DA:207,0
DA:208,0
DA:211,1
DA:212,0
DA:213,0
DA:216,1
DA:221,1
DA:222,1
DA:224,1
DA:225,1
DA:229,0
DA:235,0
DA:236,0
DA:243,14
DA:244,1
DA:245,0
DA:246,0
DA:249,1
DA:250,1
DA:257,14
LF:78
LH:66
BRDA:39,0,0,5
BRDA:39,0,1,1
BRDA:39,0,2,1
BRDA:39,0,3,1
BRDA:39,0,4,1
BRDA:48,1,0,14
BRDA:48,1,1,9
BRDA:68,2,0,9
BRDA:68,2,1,2
BRDA:85,3,0,2
BRDA:85,3,1,1
BRDA:85,3,2,1
BRDA:85,3,3,2
BRDA:85,3,4,1
BRDA:85,3,5,1
BRDA:101,4,0,2
BRDA:101,4,1,1
BRDA:101,4,2,1
BRDA:101,4,3,1
BRDA:101,4,4,1
BRDA:101,4,5,1
BRDA:111,5,0,14
BRDA:111,5,1,7
BRDA:152,6,0,0
BRDA:152,6,1,1
BRDA:152,7,0,1
BRDA:152,7,1,1
BRDA:155,8,0,1
BRDA:155,8,1,0
BRDA:155,9,0,1
BRDA:155,9,1,0
BRDA:206,10,0,0
BRDA:206,10,1,1
BRDA:211,11,0,0
BRDA:211,11,1,1
BRDA:224,12,0,1
BRDA:224,12,1,0
BRDA:226,13,0,1
BRDA:226,13,1,0
BRDA:244,14,0,0
BRDA:244,14,1,1
BRDA:293,15,0,1
BRDA:293,15,1,13
BRDA:295,16,0,14
BRDA:295,16,1,13
BRDA:296,17,0,1
BRDA:296,17,1,13
BRDA:297,18,0,1
BRDA:297,18,1,13
BRDA:298,19,0,1
BRDA:298,19,1,13
BRF:51
BRH:43
end_of_record
TN:
SF:src\features\workspace\Workspace.jsx
FN:16,WorkSpace
FNF:1
FNH:1
FNDA:4,WorkSpace
DA:18,4
DA:20,4
LF:2
LH:2
BRF:0
BRH:0
end_of_record
TN:
SF:src\features\workspace\Utils\workflowUtils.js
FN:30,computeTopologicalOrder
FN:34,(anonymous_1)
FN:40,(anonymous_2)
FN:50,(anonymous_3)
FNF:4
FNH:4
FNDA:2,computeTopologicalOrder
FNDA:4,(anonymous_1)
FNDA:3,(anonymous_2)
FNDA:4,(anonymous_3)
DA:9,3
DA:31,2
DA:32,2
DA:34,2
DA:35,4
DA:36,4
DA:40,2
DA:41,3
DA:42,3
DA:44,3
DA:45,3
DA:49,2
DA:50,2
DA:51,4
DA:54,2
DA:55,2
DA:56,2
DA:57,2
DA:59,2
DA:60,2
DA:61,1
DA:62,1
DA:63,1
DA:64,1
DA:69,2
DA:70,1
DA:73,1
LF:27
LH:27
BRDA:41,0,0,3
BRDA:41,0,1,3
BRDA:44,1,0,3
BRDA:44,1,1,0
BRDA:51,2,0,1
BRDA:51,2,1,3
BRDA:59,3,0,2
BRDA:59,3,1,0
BRDA:63,4,0,1
BRDA:63,4,1,0
BRDA:69,5,0,1
BRDA:69,5,1,1
BRF:12
BRH:9
end_of_record
TN:
SF:src\features\workspace\engine\WorkflowEngine.jsx
FN:31,(anonymous_0)
FN:52,(anonymous_1)
FN:53,(anonymous_2)
FN:54,(anonymous_3)
FN:72,(anonymous_4)
FN:92,(anonymous_5)
FN:100,(anonymous_6)
FN:101,(anonymous_7)
FN:107,(anonymous_8)
FN:149,(anonymous_9)
FN:162,(anonymous_10)
FN:179,(anonymous_11)
FN:200,(anonymous_12)
FN:208,(anonymous_13)
FN:225,(anonymous_14)
FN:229,(anonymous_15)
FN:269,(anonymous_16)
FN:270,(anonymous_17)
FN:276,(anonymous_18)
FN:291,(anonymous_19)
FN:296,(anonymous_20)
FN:317,(anonymous_21)
FN:343,(anonymous_22)
FN:352,(anonymous_23)
FN:359,(anonymous_24)
FN:374,(anonymous_25)
FN:404,(anonymous_26)
FN:432,(anonymous_27)
FN:433,(anonymous_28)
FN:439,(anonymous_29)
FN:463,(anonymous_30)
FN:492,(anonymous_31)
FN:514,(anonymous_32)
FN:515,(anonymous_33)
FN:522,(anonymous_34)
FN:531,(anonymous_35)
FN:533,(anonymous_36)
FN:543,(anonymous_37)
FN:556,(anonymous_38)
FN:564,(anonymous_39)
FN:628,(anonymous_40)
FN:652,(anonymous_41)
FN:660,(anonymous_42)
FNF:43
FNH:34
FNDA:4,(anonymous_0)
FNDA:4,(anonymous_1)
FNDA:1,(anonymous_2)
FNDA:0,(anonymous_3)
FNDA:4,(anonymous_4)
FNDA:3,(anonymous_5)
FNDA:4,(anonymous_6)
FNDA:2,(anonymous_7)
FNDA:4,(anonymous_8)
FNDA:1,(anonymous_9)
FNDA:1,(anonymous_10)
FNDA:0,(anonymous_11)
FNDA:1,(anonymous_12)
FNDA:1,(anonymous_13)
FNDA:0,(anonymous_14)
FNDA:0,(anonymous_15)
FNDA:1,(anonymous_16)
FNDA:1,(anonymous_17)
FNDA:0,(anonymous_18)
FNDA:1,(anonymous_19)
FNDA:0,(anonymous_20)
FNDA:10,(anonymous_21)
FNDA:3,(anonymous_22)
FNDA:3,(anonymous_23)
FNDA:4,(anonymous_24)
FNDA:4,(anonymous_25)
FNDA:1,(anonymous_26)
FNDA:1,(anonymous_27)
FNDA:0,(anonymous_28)
FNDA:1,(anonymous_29)
FNDA:1,(anonymous_30)
FNDA:2,(anonymous_31)
FNDA:1,(anonymous_32)
FNDA:1,(anonymous_33)
FNDA:1,(anonymous_34)
FNDA:1,(anonymous_35)
FNDA:1,(anonymous_36)
FNDA:1,(anonymous_37)
FNDA:0,(anonymous_38)
FNDA:0,(anonymous_39)
FNDA:3,(anonymous_40)
FNDA:5,(anonymous_41)
FNDA:17,(anonymous_42)
DA:32,4
DA:33,4
DA:36,4
DA:37,1
DA:38,1
DA:42,3
DA:43,3
DA:44,1
DA:52,3
DA:53,4
DA:54,1
DA:55,0
DA:57,1
DA:58,1
DA:60,1
DA:61,1
DA:72,3
DA:73,4
DA:74,4
DA:82,3
DA:93,3
DA:94,3
DA:96,3
DA:99,3
DA:100,4
DA:101,3
DA:102,2
DA:103,2
DA:107,3
DA:108,4
DA:109,4
DA:110,4
DA:112,4
DA:113,4
DA:114,2
DA:115,1
DA:116,1
DA:117,1
DA:119,1
DA:120,1
DA:124,2
DA:125,2
DA:128,3
DA:129,3
DA:130,3
DA:131,3
DA:132,1
DA:137,2
DA:150,1
DA:151,1
DA:154,1
DA:157,1
DA:159,1
DA:164,1
DA:165,1
DA:166,1
DA:169,1
DA:170,0
DA:179,1
DA:180,1
DA:181,0
DA:184,0
DA:185,0
DA:186,0
DA:187,0
DA:192,1
DA:193,1
DA:201,1
DA:202,1
DA:209,1
DA:210,1
DA:211,1
DA:212,1
DA:215,1
DA:226,0
DA:229,0
DA:231,0
DA:232,0
DA:236,0
DA:237,0
DA:238,0
DA:242,0
DA:243,0
DA:244,0
DA:245,0
DA:247,0
DA:248,0
DA:250,0
DA:251,0
DA:255,0
DA:256,0
DA:260,0
DA:270,1
DA:271,1
DA:273,1
DA:274,1
DA:276,1
DA:277,0
DA:278,0
DA:292,1
DA:293,1
DA:295,1
DA:296,1
DA:298,1
DA:299,0
DA:300,0
DA:303,1
DA:318,10
DA:319,10
DA:320,10
DA:323,10
DA:324,10
DA:325,10
DA:326,10
DA:329,10
DA:332,10
DA:333,10
DA:344,3
DA:345,3
DA:346,3
DA:353,3
DA:360,4
DA:361,4
DA:362,4
DA:363,4
DA:366,4
DA:367,4
DA:375,4
DA:376,1
DA:377,1
DA:380,3
DA:381,1
DA:382,1
DA:386,2
DA:387,2
DA:388,1
DA:389,1
DA:392,1
DA:393,1
DA:397,1
DA:398,1
DA:399,1
DA:400,1
DA:402,1
DA:404,1
DA:407,1
DA:409,1
DA:411,1
DA:412,1
DA:414,1
DA:415,0
DA:419,1
DA:420,1
DA:424,1
DA:427,1
DA:430,1
DA:432,1
DA:433,0
DA:435,1
DA:436,0
DA:439,1
DA:441,1
DA:447,1
DA:450,0
DA:451,0
DA:452,0
DA:455,1
DA:456,1
DA:464,1
DA:466,1
DA:467,1
DA:469,1
DA:470,0
DA:474,1
DA:475,2
DA:476,2
DA:479,2
DA:480,2
DA:481,0
DA:486,1
DA:493,2
DA:495,2
DA:496,2
DA:497,1
DA:498,1
DA:499,1
DA:501,1
DA:502,1
DA:515,1
DA:516,1
DA:523,1
DA:524,1
DA:533,1
DA:534,1
DA:536,1
DA:538,1
DA:539,1
DA:540,0
DA:543,1
DA:544,1
DA:545,0
DA:549,1
DA:550,1
DA:553,1
DA:555,1
DA:556,0
DA:560,1
DA:561,1
DA:564,0
DA:572,0
DA:575,0
DA:576,0
DA:577,0
DA:580,0
DA:581,0
DA:584,0
DA:586,0
DA:587,0
DA:589,0
DA:592,0
DA:595,1
DA:598,1
DA:599,1
DA:601,1
DA:602,1
DA:605,1
DA:606,1
DA:607,0
DA:608,0
DA:609,0
DA:614,0
DA:615,0
DA:616,0
DA:621,1
DA:629,3
DA:635,3
DA:642,3
DA:643,1
DA:645,1
DA:653,5
DA:654,5
DA:661,17
DA:662,12
DA:663,12
DA:665,0
LF:245
LH:186
BRDA:36,0,0,1
BRDA:36,0,1,3
BRDA:36,1,0,4
BRDA:36,1,1,4
BRDA:43,2,0,1
BRDA:43,2,1,2
BRDA:53,3,0,4
BRDA:53,3,1,0
BRDA:55,4,0,0
BRDA:55,4,1,0
BRDA:57,5,0,1
BRDA:57,5,1,0
BRDA:60,6,0,1
BRDA:60,6,1,0
BRDA:60,7,0,1
BRDA:60,7,1,1
BRDA:60,7,2,1
BRDA:73,8,0,4
BRDA:73,8,1,0
BRDA:73,9,0,4
BRDA:73,9,1,4
BRDA:102,10,0,2
BRDA:102,10,1,0
BRDA:107,11,0,3
BRDA:112,12,0,4
BRDA:112,12,1,0
BRDA:114,13,0,1
BRDA:114,13,1,1
BRDA:116,14,0,1
BRDA:116,14,1,0
BRDA:117,15,0,1
BRDA:117,15,1,0
BRDA:129,16,0,3
BRDA:129,16,1,0
BRDA:131,17,0,1
BRDA:131,17,1,2
BRDA:169,18,0,1
BRDA:169,18,1,0
BRDA:185,19,0,0
BRDA:185,19,1,0
BRDA:202,20,0,1
BRDA:202,20,1,1
BRDA:211,21,0,1
BRDA:211,21,1,0
BRDA:237,22,0,0
BRDA:237,22,1,0
BRDA:243,23,0,0
BRDA:243,23,1,0
BRDA:245,24,0,0
BRDA:245,24,1,0
BRDA:247,25,0,0
BRDA:247,25,1,0
BRDA:255,26,0,0
BRDA:255,26,1,0
BRDA:271,27,0,0
BRDA:271,27,1,1
BRDA:274,28,0,0
BRDA:274,28,1,1
BRDA:274,29,0,0
BRDA:274,29,1,0
BRDA:276,30,0,1
BRDA:276,30,1,0
BRDA:280,31,0,0
BRDA:280,31,1,0
BRDA:291,32,0,1
BRDA:292,33,0,0
BRDA:292,33,1,1
BRDA:375,34,0,1
BRDA:375,34,1,3
BRDA:380,35,0,1
BRDA:380,35,1,2
BRDA:380,36,0,3
BRDA:380,36,1,3
BRDA:387,37,0,1
BRDA:387,37,1,1
BRDA:392,38,0,1
BRDA:392,38,1,0
BRDA:414,39,0,0
BRDA:414,39,1,1
BRDA:432,40,0,1
BRDA:432,40,1,1
BRDA:435,41,0,0
BRDA:435,41,1,1
BRDA:464,42,0,0
BRDA:464,42,1,1
BRDA:469,43,0,0
BRDA:469,43,1,1
BRDA:475,44,0,2
BRDA:475,44,1,0
BRDA:475,45,0,2
BRDA:475,45,1,1
BRDA:475,45,2,1
BRDA:480,46,0,0
BRDA:480,46,1,2
BRDA:496,47,0,2
BRDA:496,47,1,0
BRDA:539,48,0,0
BRDA:539,48,1,1
BRDA:544,49,0,0
BRDA:544,49,1,1
BRDA:560,50,0,1
BRDA:560,50,1,0
BRDA:560,51,0,1
BRDA:560,51,1,1
BRDA:564,52,0,0
BRDA:564,52,1,0
BRDA:566,53,0,0
BRDA:566,53,1,0
BRDA:568,54,0,0
BRDA:568,54,1,0
BRDA:581,55,0,0
BRDA:581,55,1,0
BRDA:586,56,0,0
BRDA:586,56,1,0
BRDA:586,57,0,0
BRDA:586,57,1,0
BRDA:602,58,0,1
BRDA:602,58,1,0
BRDA:607,59,0,0
BRDA:607,59,1,0
BRDA:615,60,0,0
BRDA:615,60,1,0
BRDA:642,61,0,1
BRDA:642,61,1,1
BRDA:643,62,0,1
BRDA:643,62,1,0
BRDA:645,63,0,1
BRDA:645,63,1,0
BRF:128
BRH:65
end_of_record
TN:
SF:src\features\workspace\model\Node.jsx
FN:48,(anonymous_0)
FN:76,(anonymous_1)
FNF:2
FNH:2
FNDA:8,(anonymous_0)
FNDA:2,(anonymous_1)
DA:49,8
DA:50,8
DA:51,8
DA:53,8
DA:77,2
DA:79,1
DA:81,1
LF:7
LH:7
BRDA:48,0,0,3
BRDA:48,1,0,7
BRDA:54,2,0,8
BRDA:54,2,1,1
BRDA:54,2,2,1
BRDA:55,3,0,8
BRDA:55,3,1,7
BRDA:56,4,0,8
BRDA:56,4,1,7
BRDA:57,5,0,8
BRDA:57,5,1,7
BRDA:58,6,0,8
BRDA:58,6,1,6
BRDA:59,7,0,8
BRDA:59,7,1,3
BRDA:60,8,0,8
BRDA:60,8,1,8
BRDA:63,9,0,8
BRDA:63,9,1,7
BRDA:64,10,0,8
BRDA:64,10,1,6
BRDA:64,10,2,1
BRDA:65,11,0,8
BRDA:65,11,1,7
BRDA:66,12,0,8
BRDA:66,12,1,7
BRDA:77,13,0,1
BRDA:77,13,1,1
BRDA:84,14,0,1
BRDA:84,14,1,0
BRDA:86,15,0,1
BRDA:86,15,1,0
BRDA:87,16,0,1
BRDA:87,16,1,1
BRDA:88,17,0,1
BRDA:88,17,1,0
BRDA:89,18,0,1
BRDA:89,18,1,0
BRDA:90,19,0,1
BRDA:90,19,1,0
BRDA:91,20,0,1
BRDA:91,20,1,0
BRDA:92,21,0,1
BRDA:92,21,1,1
BRDA:95,22,0,1
BRDA:95,22,1,1
BRDA:96,23,0,1
BRDA:96,23,1,0
BRDA:97,24,0,1
BRDA:97,24,1,1
BRDA:98,25,0,1
BRDA:98,25,1,0
BRF:52
BRH:44
end_of_record
TN:
SF:src\features\workspace\model\WorkflowGraph.jsx
FN:7,(anonymous_0)
FN:28,buildGraphModel
FN:33,(anonymous_2)
FN:33,(anonymous_3)
FN:37,(anonymous_4)
FN:46,(anonymous_5)
FN:47,(anonymous_6)
FN:50,(anonymous_7)
FN:51,(anonymous_8)
FN:76,getRootNodes
FN:88,(anonymous_10)
FN:89,(anonymous_11)
FNF:12
FNH:12
FNDA:10,(anonymous_0)
FNDA:2,buildGraphModel
FNDA:3,(anonymous_2)
FNDA:2,(anonymous_3)
FNDA:2,(anonymous_4)
FNDA:2,(anonymous_5)
FNDA:1,(anonymous_6)
FNDA:1,(anonymous_7)
FNDA:1,(anonymous_8)
FNDA:2,getRootNodes
FNDA:6,(anonymous_10)
FNDA:3,(anonymous_11)
DA:8,10
DA:9,10
DA:10,10
DA:11,10
DA:12,10
DA:13,10
DA:14,10
DA:15,10
DA:29,2
DA:32,2
DA:33,3
DA:37,2
DA:38,2
DA:41,2
DA:42,3
DA:45,2
DA:46,2
DA:47,1
DA:50,2
DA:51,2
DA:53,2
DA:65,2
DA:78,2
DA:80,2
DA:81,6
DA:82,3
DA:87,2
DA:88,6
DA:89,3
DA:91,2
DA:92,2
LF:31
LH:31
BRDA:7,0,0,6
BRDA:7,1,0,6
BRDA:7,2,0,1
BRDA:7,3,0,6
BRDA:7,4,0,6
BRDA:7,5,0,6
BRDA:38,6,0,2
BRDA:38,6,1,1
BRDA:42,7,0,1
BRDA:42,7,1,2
BRDA:50,8,0,2
BRDA:50,8,1,0
BRDA:51,9,0,2
BRDA:51,9,1,0
BRDA:59,10,0,2
BRDA:59,10,1,1
BRDA:60,11,0,2
BRDA:60,11,1,1
BRDA:61,12,0,2
BRDA:61,12,1,1
BRF:20
BRH:18
end_of_record
TN:
SF:src\features\workspace\providers\FlowContext.jsx
FN:43,(anonymous_0)
FN:59,(anonymous_1)
FN:80,(anonymous_2)
FN:88,(anonymous_3)
FN:89,(anonymous_4)
FN:90,(anonymous_5)
FN:98,(anonymous_6)
FN:99,(anonymous_7)
FN:100,(anonymous_8)
FN:107,(anonymous_9)
FN:111,(anonymous_10)
FN:112,(anonymous_11)
FN:134,(anonymous_12)
FN:135,(anonymous_13)
FN:136,(anonymous_14)
FN:156,(anonymous_15)
FN:189,(anonymous_16)
FN:205,(anonymous_17)
FN:208,(anonymous_18)
FN:251,(anonymous_19)
FN:257,(anonymous_20)
FN:268,(anonymous_21)
FN:280,(anonymous_22)
FN:302,(anonymous_23)
FN:309,(anonymous_24)
FN:311,(anonymous_25)
FN:345,(anonymous_26)
FN:360,(anonymous_27)
FN:366,(anonymous_28)
FN:367,(anonymous_29)
FN:371,(anonymous_30)
FN:372,(anonymous_31)
FN:388,(anonymous_32)
FN:397,(anonymous_33)
FN:398,(anonymous_34)
FN:412,(anonymous_35)
FN:424,(anonymous_36)
FN:425,(anonymous_37)
FN:426,(anonymous_38)
FN:438,(anonymous_39)
FN:439,(anonymous_40)
FN:439,(anonymous_41)
FN:440,(anonymous_42)
FN:440,(anonymous_43)
FN:450,(anonymous_44)
FNF:45
FNH:37
FNDA:38,(anonymous_0)
FNDA:19,(anonymous_1)
FNDA:18,(anonymous_2)
FNDA:1,(anonymous_3)
FNDA:2,(anonymous_4)
FNDA:2,(anonymous_5)
FNDA:1,(anonymous_6)
FNDA:2,(anonymous_7)
FNDA:2,(anonymous_8)
FNDA:2,(anonymous_9)
FNDA:0,(anonymous_10)
FNDA:0,(anonymous_11)
FNDA:1,(anonymous_12)
FNDA:2,(anonymous_13)
FNDA:4,(anonymous_14)
FNDA:0,(anonymous_15)
FNDA:0,(anonymous_16)
FNDA:0,(anonymous_17)
FNDA:0,(anonymous_18)
FNDA:0,(anonymous_19)
FNDA:0,(anonymous_20)
FNDA:19,(anonymous_21)
FNDA:1,(anonymous_22)
FNDA:1,(anonymous_23)
FNDA:2,(anonymous_24)
FNDA:1,(anonymous_25)
FNDA:18,(anonymous_26)
FNDA:3,(anonymous_27)
FNDA:2,(anonymous_28)
FNDA:4,(anonymous_29)
FNDA:2,(anonymous_30)
FNDA:2,(anonymous_31)
FNDA:2,(anonymous_32)
FNDA:1,(anonymous_33)
FNDA:2,(anonymous_34)
FNDA:1,(anonymous_35)
FNDA:1,(anonymous_36)
FNDA:2,(anonymous_37)
FNDA:2,(anonymous_38)
FNDA:1,(anonymous_39)
FNDA:2,(anonymous_40)
FNDA:4,(anonymous_41)
FNDA:2,(anonymous_42)
FNDA:2,(anonymous_43)
FNDA:1,(anonymous_44)
DA:29,1
DA:30,1
DA:33,1
DA:43,1
DA:44,38
DA:45,38
DA:46,38
DA:48,0
DA:49,0
DA:59,1
DA:60,19
DA:61,19
DA:63,19
DA:65,19
DA:66,19
DA:67,19
DA:70,19
DA:71,19
DA:79,19
DA:80,19
DA:81,18
DA:88,19
DA:89,1
DA:90,2
DA:91,2
DA:98,19
DA:99,1
DA:100,2
DA:101,2
DA:103,2
DA:106,2
DA:107,2
DA:108,2
DA:111,0
DA:112,0
DA:113,0
DA:115,0
DA:116,0
DA:122,0
DA:126,2
DA:134,19
DA:135,1
DA:136,4
DA:147,19
DA:148,19
DA:149,18
DA:151,19
DA:156,19
DA:157,0
DA:159,0
DA:161,0
DA:162,0
DA:163,0
DA:169,0
DA:170,0
DA:171,0
DA:174,0
DA:175,0
DA:176,0
DA:177,0
DA:181,0
DA:182,0
DA:183,0
DA:187,0
DA:188,0
DA:189,0
DA:194,0
DA:198,0
DA:199,0
DA:200,0
DA:204,0
DA:205,0
DA:206,0
DA:207,0
DA:208,0
DA:212,0
DA:216,0
DA:217,0
DA:218,0
DA:222,0
DA:223,0
DA:224,0
DA:225,0
DA:229,0
DA:230,0
DA:231,0
DA:233,0
DA:236,0
DA:237,0
DA:238,0
DA:239,0
DA:242,0
DA:243,0
DA:244,0
DA:245,0
DA:246,0
DA:249,0
DA:250,0
DA:251,0
DA:252,0
DA:254,0
DA:257,0
DA:258,0
DA:260,0
DA:263,0
DA:268,19
DA:269,19
DA:270,19
DA:280,19
DA:281,1
DA:283,1
DA:288,1
DA:293,1
DA:294,1
DA:296,1
DA:302,19
DA:303,1
DA:309,19
DA:310,2
DA:311,2
DA:312,2
DA:313,1
DA:314,1
DA:317,1
DA:327,1
DA:328,1
DA:335,19
DA:345,19
DA:346,18
DA:347,18
DA:349,18
DA:350,9
DA:351,9
DA:352,9
DA:360,19
DA:361,3
DA:362,1
DA:365,2
DA:366,2
DA:367,4
DA:369,2
DA:371,2
DA:372,2
DA:374,2
DA:375,2
DA:376,2
DA:380,2
DA:381,1
DA:385,1
DA:388,2
DA:389,1
DA:397,19
DA:398,2
DA:399,1
DA:412,19
DA:413,1
DA:414,1
DA:415,1
DA:424,19
DA:425,1
DA:426,2
DA:427,2
DA:430,1
DA:438,19
DA:439,4
DA:440,2
DA:441,1
DA:450,19
DA:451,1
DA:452,1
DA:463,19
DA:495,19
LF:172
LH:107
BRDA:46,0,0,2
BRDA:46,0,1,36
BRDA:91,1,0,2
BRDA:91,1,1,0
BRDA:101,2,0,0
BRDA:101,2,1,2
BRDA:103,3,0,2
BRDA:103,3,1,0
BRDA:106,4,0,2
BRDA:106,4,1,0
BRDA:108,5,0,2
BRDA:108,5,1,0
BRDA:113,6,0,0
BRDA:113,6,1,0
BRDA:113,6,2,0
BRDA:115,7,0,0
BRDA:115,7,1,0
BRDA:119,8,0,0
BRDA:119,8,1,0
BRDA:148,9,0,18
BRDA:148,9,1,1
BRDA:159,10,0,0
BRDA:159,10,1,0
BRDA:159,10,2,0
BRDA:159,10,3,0
BRDA:159,10,4,0
BRDA:159,10,5,0
BRDA:159,10,6,0
BRDA:159,10,7,0
BRDA:159,10,8,0
BRDA:159,10,9,0
BRDA:159,10,10,0
BRDA:159,10,11,0
BRDA:159,10,12,0
BRDA:175,11,0,0
BRDA:175,11,1,0
BRDA:206,12,0,0
BRDA:206,12,1,0
BRDA:222,13,0,0
BRDA:222,13,1,0
BRDA:312,14,0,1
BRDA:312,14,1,1
BRDA:320,15,0,1
BRDA:320,15,1,0
BRDA:321,16,0,1
BRDA:321,16,1,0
BRDA:322,17,0,1
BRDA:322,17,1,1
BRDA:323,18,0,1
BRDA:323,18,1,1
BRDA:324,19,0,1
BRDA:324,19,1,1
BRDA:346,20,0,18
BRDA:346,20,1,0
BRDA:349,21,0,9
BRDA:349,21,1,9
BRDA:349,22,0,18
BRDA:349,22,1,18
BRDA:351,23,0,9
BRDA:351,23,1,0
BRDA:351,24,0,9
BRDA:351,24,1,9
BRDA:361,25,0,1
BRDA:361,25,1,2
BRDA:369,26,0,0
BRDA:369,26,1,2
BRDA:369,27,0,2
BRDA:369,27,1,2
BRDA:374,28,0,2
BRDA:374,28,1,0
BRDA:375,29,0,2
BRDA:375,29,1,0
BRDA:376,30,0,2
BRDA:376,30,1,1
BRDA:376,30,2,1
BRDA:380,31,0,1
BRDA:380,31,1,1
BRDA:427,32,0,2
BRDA:427,32,1,0
BRDA:440,33,0,2
BRDA:440,33,1,0
BRF:81
BRH:41
end_of_record
TN:
SF:src\features\workspace\providers\FlowContextDefinition.jsx
FN:7,(anonymous_0)
FNF:1
FNH:1
FNDA:20,(anonymous_0)
DA:4,3
DA:7,3
DA:8,20
DA:9,20
DA:10,2
DA:12,18
LF:6
LH:6
BRDA:9,0,0,2
BRDA:9,0,1,18
BRF:2
BRH:2
end_of_record
TN:
SF:src\features\workspace\ui\CustomHandle.jsx
FN:34,getColorFromType
FN:58,CustomHandle
FN:94,(anonymous_2)
FN:97,(anonymous_3)
FN:104,(anonymous_4)
FN:105,(anonymous_5)
FN:108,(anonymous_6)
FN:131,(anonymous_7)
FN:132,(anonymous_8)
FN:135,(anonymous_9)
FN:157,(anonymous_10)
FNF:11
FNH:5
FNDA:2,getColorFromType
FNDA:9,CustomHandle
FNDA:2,(anonymous_2)
FNDA:9,(anonymous_3)
FNDA:0,(anonymous_4)
FNDA:0,(anonymous_5)
FNDA:0,(anonymous_6)
FNDA:0,(anonymous_7)
FNDA:0,(anonymous_8)
FNDA:0,(anonymous_9)
FNDA:9,(anonymous_10)
DA:12,2
DA:35,2
DA:37,2
DA:40,2
DA:43,1
DA:44,1
DA:45,1
DA:46,1
DA:47,0
DA:48,0
DA:49,0
DA:50,0
DA:51,0
DA:52,0
DA:53,0
DA:55,0
DA:61,9
DA:62,9
DA:64,9
DA:65,9
DA:68,9
DA:73,9
DA:75,9
DA:79,9
DA:84,9
DA:89,9
DA:94,9
DA:97,9
DA:98,9
DA:101,6
DA:102,2
DA:104,2
DA:105,0
DA:106,0
DA:108,0
DA:109,0
DA:110,0
DA:111,0
DA:114,0
DA:117,0
DA:124,2
DA:125,1
DA:130,4
DA:131,4
DA:132,0
DA:133,0
DA:135,0
DA:136,0
DA:139,0
DA:140,0
DA:142,0
DA:145,0
DA:157,9
DA:158,9
DA:159,2
DA:160,2
DA:163,7
DA:166,9
LF:58
LH:34
BRDA:35,0,0,0
BRDA:35,0,1,2
BRDA:40,1,0,1
BRDA:40,1,1,1
BRDA:43,2,0,0
BRDA:43,2,1,1
BRDA:43,3,0,1
BRDA:43,3,1,1
BRDA:44,4,0,0
BRDA:44,4,1,1
BRDA:44,5,0,1
BRDA:44,5,1,1
BRDA:45,6,0,0
BRDA:45,6,1,1
BRDA:45,7,0,1
BRDA:45,7,1,1
BRDA:46,8,0,1
BRDA:46,8,1,0
BRDA:46,9,0,1
BRDA:46,9,1,0
BRDA:47,10,0,0
BRDA:47,10,1,0
BRDA:48,11,0,0
BRDA:48,11,1,0
BRDA:48,12,0,0
BRDA:48,12,1,0
BRDA:48,12,2,0
BRDA:49,13,0,0
BRDA:49,13,1,0
BRDA:49,14,0,0
BRDA:49,14,1,0
BRDA:50,15,0,0
BRDA:50,15,1,0
BRDA:51,16,0,0
BRDA:51,16,1,0
BRDA:51,17,0,0
BRDA:51,17,1,0
BRDA:52,18,0,0
BRDA:52,18,1,0
BRDA:53,19,0,0
BRDA:53,19,1,0
BRDA:53,20,0,0
BRDA:53,20,1,0
BRDA:58,21,0,8
BRDA:62,22,0,7
BRDA:62,22,1,2
BRDA:75,23,0,7
BRDA:75,23,1,2
BRDA:79,24,0,7
BRDA:79,24,1,2
BRDA:89,25,0,7
BRDA:89,25,1,2
BRDA:98,26,0,3
BRDA:98,26,1,6
BRDA:98,27,0,9
BRDA:98,27,1,7
BRDA:101,28,0,2
BRDA:101,28,1,4
BRDA:101,29,0,6
BRDA:101,29,1,2
BRDA:106,30,0,0
BRDA:106,30,1,0
BRDA:108,31,0,0
BRDA:108,31,1,0
BRDA:109,32,0,0
BRDA:109,32,1,0
BRDA:110,33,0,0
BRDA:110,33,1,0
BRDA:110,34,0,0
BRDA:110,34,1,0
BRDA:124,35,0,1
BRDA:124,35,1,1
BRDA:130,36,0,4
BRDA:130,36,1,0
BRDA:133,37,0,0
BRDA:133,37,1,0
BRDA:135,38,0,0
BRDA:135,38,1,0
BRDA:136,39,0,0
BRDA:136,39,1,0
BRDA:136,40,0,0
BRDA:136,40,1,0
BRDA:158,41,0,2
BRDA:158,41,1,7
BRDA:169,42,0,7
BRDA:169,42,1,2
BRF:86
BRH:38
end_of_record
TN:
SF:src\features\workspace\ui\CustomNode.jsx
FN:27,(anonymous_0)
FN:38,(anonymous_1)
FN:46,CustomNode
FN:54,(anonymous_3)
FN:55,(anonymous_4)
FN:58,(anonymous_5)
FN:91,(anonymous_6)
FN:110,(anonymous_7)
FNF:8
FNH:7
FNDA:8,(anonymous_0)
FNDA:8,(anonymous_1)
FNDA:8,CustomNode
FNDA:8,(anonymous_3)
FNDA:8,(anonymous_4)
FNDA:0,(anonymous_5)
FNDA:4,(anonymous_6)
FNDA:4,(anonymous_7)
DA:27,2
DA:28,8
DA:29,0
DA:30,0
DA:31,0
DA:32,1
DA:33,7
DA:34,0
DA:38,2
DA:39,8
DA:40,7
DA:41,0
DA:42,1
DA:47,8
DA:52,8
DA:54,8
DA:55,8
DA:58,8
DA:59,0
DA:63,8
DA:69,8
DA:92,4
DA:93,4
DA:94,4
DA:111,4
DA:112,4
DA:113,4
LF:27
LH:21
BRDA:28,0,0,0
BRDA:28,0,1,0
BRDA:28,0,2,0
BRDA:28,0,3,1
BRDA:28,0,4,7
BRDA:28,0,5,0
BRDA:39,1,0,7
BRDA:39,1,1,0
BRDA:39,1,2,1
BRDA:64,2,0,8
BRDA:64,2,1,0
BRDA:66,3,0,3
BRDA:66,3,1,5
BRDA:66,4,0,8
BRDA:66,4,1,6
BRDA:80,5,0,8
BRDA:80,5,1,1
BRDA:80,5,2,1
BRDA:80,5,3,1
BRDA:90,6,0,8
BRDA:90,6,1,8
BRDA:93,7,0,4
BRDA:93,7,1,0
BRDA:98,8,0,4
BRDA:98,8,1,4
BRDA:109,9,0,8
BRDA:109,9,1,8
BRDA:112,10,0,4
BRDA:112,10,1,0
BRDA:117,11,0,4
BRDA:117,11,1,4
BRF:31
BRH:23
end_of_record
TN:
SF:src\features\workspace\ui\type\BoolNode.jsx
FN:15,BoolNode
FN:26,(anonymous_1)
FN:31,(anonymous_2)
FNF:3
FNH:3
FNDA:7,BoolNode
FNDA:7,(anonymous_1)
FNDA:2,(anonymous_2)
DA:16,7
DA:17,7
DA:18,7
DA:20,7
DA:21,7
DA:23,7
DA:24,7
DA:26,7
DA:27,7
DA:28,7
DA:31,7
DA:32,2
DA:33,2
DA:36,7
LF:14
LH:14
BRDA:16,0,0,0
BRDA:20,1,0,7
BRDA:20,1,1,2
BRDA:21,2,0,7
BRDA:21,2,1,2
BRDA:47,3,0,1
BRDA:47,3,1,6
BRDA:51,4,0,2
BRDA:51,4,1,5
BRF:9
BRH:8
end_of_record
TN:
SF:src\features\workspace\ui\type\FloatNode.jsx
FN:16,FloatNode
FN:27,(anonymous_1)
FN:32,(anonymous_2)
FN:36,(anonymous_3)
FNF:4
FNH:4
FNDA:10,FloatNode
FNDA:10,(anonymous_1)
FNDA:2,(anonymous_2)
FNDA:2,(anonymous_3)
DA:17,10
DA:18,10
DA:19,10
DA:21,10
DA:22,10
DA:24,10
DA:25,10
DA:27,10
DA:28,10
DA:29,10
DA:32,10
DA:33,2
DA:36,10
DA:37,2
DA:39,2
DA:41,2
DA:42,2
DA:45,10
LF:18
LH:18
BRDA:17,0,0,0
BRDA:21,1,0,10
BRDA:21,1,1,2
BRDA:22,2,0,10
BRDA:22,2,1,2
BRDA:39,3,0,1
BRDA:39,3,1,1
BRF:7
BRH:6
end_of_record
TN:
SF:src\features\workspace\ui\type\StringNode.jsx
FN:16,StringNode
FN:28,(anonymous_1)
FN:33,(anonymous_2)
FN:37,(anonymous_3)
FNF:4
FNH:4
FNDA:6,StringNode
FNDA:6,(anonymous_1)
FNDA:1,(anonymous_2)
FNDA:1,(anonymous_3)
DA:17,6
DA:18,6
DA:19,6
DA:21,6
DA:22,6
DA:24,6
DA:25,6
DA:28,6
DA:29,6
DA:30,6
DA:33,6
DA:34,1
DA:37,6
DA:38,1
DA:39,0
DA:40,0
DA:44,6
LF:17
LH:15
BRDA:17,0,0,0
BRDA:21,1,0,6
BRDA:21,1,1,2
BRDA:22,2,0,6
BRDA:22,2,1,2
BRDA:38,3,0,0
BRDA:38,3,1,1
BRF:7
BRH:5
end_of_record
TN:
SF:src\service\PackageService.js
FN:74,safeString
FN:84,safeArray
FN:95,mapInterfaceToType
FN:116,parseNodePort
FN:188,getPackagesList
FN:202,(anonymous_5)
FN:208,(anonymous_6)
FN:228,getVisualPackagesList
FN:236,(anonymous_8)
FN:240,(anonymous_9)
FN:258,isInstalledPackage
FN:272,(anonymous_11)
FN:297,installPackage
FN:318,(anonymous_13)
FN:325,(anonymous_14)
FN:351,getNodesList
FN:386,(anonymous_16)
FN:388,(anonymous_17)
FN:389,(anonymous_18)
FN:417,getInstalledPackagesList
FN:420,(anonymous_20)
FNF:21
FNH:17
FNDA:25,safeString
FNDA:28,safeArray
FNDA:0,mapInterfaceToType
FNDA:0,parseNodePort
FNDA:2,getPackagesList
FNDA:2,(anonymous_5)
FNDA:2,(anonymous_6)
FNDA:2,getVisualPackagesList
FNDA:1,(anonymous_8)
FNDA:1,(anonymous_9)
FNDA:8,isInstalledPackage
FNDA:5,(anonymous_11)
FNDA:7,installPackage
FNDA:2,(anonymous_13)
FNDA:2,(anonymous_14)
FNDA:5,getNodesList
FNDA:3,(anonymous_16)
FNDA:0,(anonymous_17)
FNDA:0,(anonymous_18)
FNDA:1,getInstalledPackagesList
FNDA:2,(anonymous_20)
DA:75,25
DA:76,25
DA:85,28
DA:86,5
DA:96,0
DA:97,0
DA:98,0
DA:99,0
DA:100,0
DA:101,0
DA:102,0
DA:103,0
DA:104,0
DA:105,0
DA:118,0
DA:127,0
DA:130,0
DA:131,0
DA:132,0
DA:142,0
DA:143,0
DA:145,0
DA:149,0
DA:150,0
DA:152,0
DA:153,0
DA:154,0
DA:155,0
DA:166,0
DA:170,0
DA:189,2
DA:191,2
DA:194,2
DA:195,1
DA:196,1
DA:201,1
DA:203,2
DA:208,2
DA:210,1
DA:213,0
DA:214,0
DA:229,2
DA:230,2
DA:233,2
DA:235,2
DA:236,1
DA:240,1
DA:243,0
DA:244,0
DA:259,8
DA:260,8
DA:261,1
DA:262,1
DA:265,7
DA:268,7
DA:271,7
DA:272,7
DA:273,5
DA:274,5
DA:280,0
DA:281,0
DA:299,7
DA:305,7
DA:306,7
DA:307,1
DA:308,1
DA:311,6
DA:317,6
DA:318,6
DA:323,6
DA:325,2
DA:330,0
DA:331,0
DA:352,5
DA:353,5
DA:354,0
DA:355,0
DA:359,5
DA:360,5
DA:361,4
DA:362,4
DA:363,4
DA:364,3
DA:365,3
DA:370,2
DA:373,2
DA:374,0
DA:375,0
DA:379,2
DA:380,0
DA:381,0
DA:385,2
DA:386,2
DA:388,3
DA:389,3
DA:391,3
DA:400,2
DA:403,0
DA:404,0
DA:418,1
DA:419,1
DA:420,2
DA:422,0
DA:423,0
LF:104
LH:60
BRDA:74,0,0,19
BRDA:75,1,0,0
BRDA:75,1,1,25
BRDA:75,2,0,25
BRDA:75,2,1,25
BRDA:85,3,0,23
BRDA:85,3,1,5
BRDA:96,4,0,0
BRDA:96,4,1,0
BRDA:97,5,0,0
BRDA:97,5,1,0
BRDA:98,6,0,0
BRDA:98,6,1,0
BRDA:99,7,0,0
BRDA:99,7,1,0
BRDA:100,8,0,0
BRDA:100,8,1,0
BRDA:101,9,0,0
BRDA:101,9,1,0
BRDA:101,10,0,0
BRDA:101,10,1,0
BRDA:102,11,0,0
BRDA:102,11,1,0
BRDA:103,12,0,0
BRDA:103,12,1,0
BRDA:103,13,0,0
BRDA:103,13,1,0
BRDA:103,13,2,0
BRDA:104,14,0,0
BRDA:104,14,1,0
BRDA:116,15,0,0
BRDA:127,16,0,0
BRDA:127,16,1,0
BRDA:130,17,0,0
BRDA:130,17,1,0
BRDA:130,18,0,0
BRDA:130,18,1,0
BRDA:138,19,0,0
BRDA:138,19,1,0
BRDA:139,20,0,0
BRDA:139,20,1,0
BRDA:142,21,0,0
BRDA:142,21,1,0
BRDA:142,22,0,0
BRDA:142,22,1,0
BRDA:149,23,0,0
BRDA:149,23,1,0
BRDA:161,24,0,0
BRDA:161,24,1,0
BRDA:162,25,0,0
BRDA:162,25,1,0
BRDA:194,26,0,1
BRDA:194,26,1,1
BRDA:194,27,0,2
BRDA:194,27,1,1
BRDA:260,28,0,1
BRDA:260,28,1,7
BRDA:260,29,0,8
BRDA:260,29,1,7
BRDA:274,30,0,5
BRDA:274,30,1,3
BRDA:274,30,2,3
BRDA:306,31,0,1
BRDA:306,31,1,6
BRDA:313,32,0,6
BRDA:313,32,1,5
BRDA:319,33,0,2
BRDA:319,33,1,0
BRDA:320,34,0,2
BRDA:320,34,1,0
BRDA:333,35,0,0
BRDA:333,35,1,0
BRDA:333,36,0,0
BRDA:333,36,1,0
BRDA:353,37,0,0
BRDA:353,37,1,5
BRDA:360,38,0,4
BRDA:360,38,1,1
BRDA:363,39,0,3
BRDA:363,39,1,1
BRDA:373,40,0,0
BRDA:373,40,1,2
BRDA:373,41,0,2
BRDA:373,41,1,2
BRDA:379,42,0,0
BRDA:379,42,1,2
BRDA:385,43,0,2
BRDA:385,43,1,0
BRDA:396,44,0,3
BRDA:396,44,1,3
BRF:90
BRH:35
end_of_record
